string(118) "/var/www/phoenix_prod/data/www/phoenix-plus.ru/upload/custom_1c/contragents___bd5bea89-15b4-4c1b-9ecb-9a0cd961a2b1.xml"


string(118) "/var/www/phoenix_prod/data/www/phoenix-plus.ru/upload/custom_1c/contragents___feee9374-5a0e-404f-a164-0b2454486231.xml"


string(118) "/var/www/phoenix_prod/data/www/phoenix-plus.ru/upload/custom_1c/contragents___7ca1775b-9aa1-48e7-a51d-75e20635b52d.xml"


string(118) "/var/www/phoenix_prod/data/www/phoenix-plus.ru/upload/custom_1c/contragents___67865b9e-4fcc-4c47-b334-4d8176f6d7cf.xml"


string(118) "/var/www/phoenix_prod/data/www/phoenix-plus.ru/upload/custom_1c/contragents___82a3189f-b541-45f9-84c3-84315683a7cb.xml"


string(118) "/var/www/phoenix_prod/data/www/phoenix-plus.ru/upload/custom_1c/contragents___2917459d-1c7b-454e-9437-604b4a2f99cf.xml"


string(118) "/var/www/phoenix_prod/data/www/phoenix-plus.ru/upload/custom_1c/contragents___a0f70f8d-4889-4f49-a07b-b9ba9f9b1e65.xml"


string(118) "/var/www/phoenix_prod/data/www/phoenix-plus.ru/upload/custom_1c/contragents___39870fac-6adb-4e4e-b790-f2546b809c81.xml"


string(118) "/var/www/phoenix_prod/data/www/phoenix-plus.ru/upload/custom_1c/contragents___8f6017c7-cd78-4795-b890-0f8ab253a559.xml"


string(118) "/var/www/phoenix_prod/data/www/phoenix-plus.ru/upload/custom_1c/contragents___04ee01fe-15a5-488e-b5db-802fd560671e.xml"


string(118) "/var/www/phoenix_prod/data/www/phoenix-plus.ru/upload/custom_1c/contragents___ba10a578-6f6e-44c4-85b8-47257508bbde.xml"


string(118) "/var/www/phoenix_prod/data/www/phoenix-plus.ru/upload/custom_1c/contragents___f1251f33-e570-4ff0-809f-ecf3a71b46c8.xml"


string(118) "/var/www/phoenix_prod/data/www/phoenix-plus.ru/upload/custom_1c/contragents___0f6674c4-1397-4305-b3eb-a6b69590aa47.xml"


string(118) "/var/www/phoenix_prod/data/www/phoenix-plus.ru/upload/custom_1c/contragents___79ee3963-8b9b-4324-a236-f56c0a052d6b.xml"


string(118) "/var/www/phoenix_prod/data/www/phoenix-plus.ru/upload/custom_1c/contragents___1d865737-ad62-4530-bee0-31c0c6b5fc57.xml"


string(118) "/var/www/phoenix_prod/data/www/phoenix-plus.ru/upload/custom_1c/contragents___1a0acc80-4dea-4499-940d-5ca0be2302d5.xml"


string(118) "/var/www/phoenix_prod/data/www/phoenix-plus.ru/upload/custom_1c/contragents___cf4038f8-2295-4bc1-9fa8-cf3bf04f3cb4.xml"


string(118) "/var/www/phoenix_prod/data/www/phoenix-plus.ru/upload/custom_1c/contragents___01b79a3a-ebfb-45cf-b70b-431999ad356f.xml"


string(118) "/var/www/phoenix_prod/data/www/phoenix-plus.ru/upload/custom_1c/contragents___02a083b2-f243-431b-ae06-45635a6f4078.xml"


string(118) "/var/www/phoenix_prod/data/www/phoenix-plus.ru/upload/custom_1c/contragents___bc4d715b-25be-4833-ad38-7dc2f22303e6.xml"


string(118) "/var/www/phoenix_prod/data/www/phoenix-plus.ru/upload/custom_1c/contragents___451ee2aa-1889-4123-b0e7-1d6228298d78.xml"


string(118) "/var/www/phoenix_prod/data/www/phoenix-plus.ru/upload/custom_1c/contragents___e758cbeb-245c-44ee-ac70-02c77e19157b.xml"


string(118) "/var/www/phoenix_prod/data/www/phoenix-plus.ru/upload/custom_1c/contragents___076e2f54-3048-4dee-a346-aa2268315696.xml"


string(118) "/var/www/phoenix_prod/data/www/phoenix-plus.ru/upload/custom_1c/contragents___189b73e9-5d9d-47c4-83a1-8f7291eae4b5.xml"


string(118) "/var/www/phoenix_prod/data/www/phoenix-plus.ru/upload/custom_1c/contragents___bb5bd23f-eb0c-4636-975c-5b1fb85a6921.xml"


string(118) "/var/www/phoenix_prod/data/www/phoenix-plus.ru/upload/custom_1c/contragents___69ae4b7c-fc24-4d07-ae02-97455ac5b6c2.xml"


string(118) "/var/www/phoenix_prod/data/www/phoenix-plus.ru/upload/custom_1c/contragents___d43b6c5d-ef72-461b-9e63-f08b0fab21ba.xml"


string(118) "/var/www/phoenix_prod/data/www/phoenix-plus.ru/upload/custom_1c/contragents___189a8cc8-2ae6-4425-b2ce-2af588281c58.xml"


string(118) "/var/www/phoenix_prod/data/www/phoenix-plus.ru/upload/custom_1c/contragents___2b3daf27-a6c9-431f-852a-b47657c6aea1.xml"


string(118) "/var/www/phoenix_prod/data/www/phoenix-plus.ru/upload/custom_1c/contragents___ef0feb38-42ad-48ef-a893-2cc9c949ee27.xml"


string(118) "/var/www/phoenix_prod/data/www/phoenix-plus.ru/upload/custom_1c/contragents___a3e58515-68b4-4267-a213-cf5674fe0e9a.xml"


string(118) "/var/www/phoenix_prod/data/www/phoenix-plus.ru/upload/custom_1c/contragents___d55bb1ab-ec1a-4c44-8da7-fc21db34da45.xml"


string(118) "/var/www/phoenix_prod/data/www/phoenix-plus.ru/upload/custom_1c/contragents___8ab163e4-d7b2-4fd2-9731-246160dd009f.xml"


string(118) "/var/www/phoenix_prod/data/www/phoenix-plus.ru/upload/custom_1c/contragents___045ace05-571d-46c8-99a6-bb55f3eb084e.xml"


string(118) "/var/www/phoenix_prod/data/www/phoenix-plus.ru/upload/custom_1c/contragents___7adfe88a-27cc-4eb7-923b-abdef55a3218.xml"


string(118) "/var/www/phoenix_prod/data/www/phoenix-plus.ru/upload/custom_1c/contragents___e27039f3-dbf8-4d99-868e-6eae63c4dd27.xml"


string(118) "/var/www/phoenix_prod/data/www/phoenix-plus.ru/upload/custom_1c/contragents___2ae3eea5-1129-45e9-b3c6-a4d3d0bd912f.xml"


string(118) "/var/www/phoenix_prod/data/www/phoenix-plus.ru/upload/custom_1c/contragents___594a8f71-6fff-49b9-acbf-e82a9507d4da.xml"


string(118) "/var/www/phoenix_prod/data/www/phoenix-plus.ru/upload/custom_1c/contragents___69b734fc-8795-4937-a95b-d1316be1b7fb.xml"


string(118) "/var/www/phoenix_prod/data/www/phoenix-plus.ru/upload/custom_1c/contragents___a98dfb48-aae5-42e0-8a9a-d6ef1f850548.xml"


string(118) "/var/www/phoenix_prod/data/www/phoenix-plus.ru/upload/custom_1c/contragents___ad9b72c1-d480-4331-af39-4eb882bdf499.xml"


string(118) "/var/www/phoenix_prod/data/www/phoenix-plus.ru/upload/custom_1c/contragents___eb1ade4b-7a8a-4c15-8d4a-b03ddcf3c25a.xml"


string(118) "/var/www/phoenix_prod/data/www/phoenix-plus.ru/upload/custom_1c/contragents___79d7e41d-7575-40fe-a5a0-c4931ca8a513.xml"


string(118) "/var/www/phoenix_prod/data/www/phoenix-plus.ru/upload/custom_1c/contragents___ee922563-b320-43f7-9090-8306a8eea777.xml"


string(118) "/var/www/phoenix_prod/data/www/phoenix-plus.ru/upload/custom_1c/contragents___7f785abb-ca72-43d8-8a32-e5074596efc4.xml"


string(118) "/var/www/phoenix_prod/data/www/phoenix-plus.ru/upload/custom_1c/contragents___b89abbbf-ef54-481a-8cf8-32a6da3cac92.xml"


string(118) "/var/www/phoenix_prod/data/www/phoenix-plus.ru/upload/custom_1c/contragents___50999bf4-560a-42c6-a5e2-fbe4d363461b.xml"


string(118) "/var/www/phoenix_prod/data/www/phoenix-plus.ru/upload/custom_1c/contragents___350062cc-0c43-41c0-9c3a-233023a6b1f1.xml"


string(118) "/var/www/phoenix_prod/data/www/phoenix-plus.ru/upload/custom_1c/contragents___d57903ab-df5e-4612-8163-e18ac9a80f8d.xml"


string(118) "/var/www/phoenix_prod/data/www/phoenix-plus.ru/upload/custom_1c/contragents___9eca37ab-6541-461a-a9ae-de27d92a7040.xml"


string(118) "/var/www/phoenix_prod/data/www/phoenix-plus.ru/upload/custom_1c/contragents___90f49296-65bc-4efe-8b7d-aaf159c4f7e5.xml"


string(118) "/var/www/phoenix_prod/data/www/phoenix-plus.ru/upload/custom_1c/contragents___e4561c7c-2c8d-471f-aa94-7a7af1b48a83.xml"


string(118) "/var/www/phoenix_prod/data/www/phoenix-plus.ru/upload/custom_1c/contragents___2fff1022-cf62-4dec-879a-23f43e2c35c8.xml"


string(118) "/var/www/phoenix_prod/data/www/phoenix-plus.ru/upload/custom_1c/contragents___f3165dc4-e030-4ecf-9a9c-4865061f3236.xml"


string(118) "/var/www/phoenix_prod/data/www/phoenix-plus.ru/upload/custom_1c/contragents___81080799-b35b-4e5a-be62-1abf72001b92.xml"


string(118) "/var/www/phoenix_prod/data/www/phoenix-plus.ru/upload/custom_1c/contragents___9d9d2c82-19bc-469b-b5ce-3d0f27e14030.xml"


string(118) "/var/www/phoenix_prod/data/www/phoenix-plus.ru/upload/custom_1c/contragents___2cf9e541-3658-490f-b266-ba39bb4cd78a.xml"


string(118) "/var/www/phoenix_prod/data/www/phoenix-plus.ru/upload/custom_1c/contragents___aa549b61-f459-413d-bfc0-073b32209ce0.xml"


string(118) "/var/www/phoenix_prod/data/www/phoenix-plus.ru/upload/custom_1c/contragents___7dbe4ff5-7424-42ca-b5c8-1e2115dc619c.xml"


string(118) "/var/www/phoenix_prod/data/www/phoenix-plus.ru/upload/custom_1c/contragents___04a539e0-28aa-4f3a-b930-a2224a20cac1.xml"


string(118) "/var/www/phoenix_prod/data/www/phoenix-plus.ru/upload/custom_1c/contragents___abce930b-1d62-4a2d-bbf3-a9344755999b.xml"


string(118) "/var/www/phoenix_prod/data/www/phoenix-plus.ru/upload/custom_1c/contragents___25bdcfcd-11be-422c-b8e7-f8327d18f0a7.xml"


string(118) "/var/www/phoenix_prod/data/www/phoenix-plus.ru/upload/custom_1c/contragents___b7086f45-8692-408b-8faa-58ca731c83a2.xml"


string(118) "/var/www/phoenix_prod/data/www/phoenix-plus.ru/upload/custom_1c/contragents___ad905d38-50f9-4362-9a2c-0c4dbe5ef769.xml"


string(118) "/var/www/phoenix_prod/data/www/phoenix-plus.ru/upload/custom_1c/contragents___293fa289-abd5-4358-95b1-f7aabcc9c6db.xml"


string(118) "/var/www/phoenix_prod/data/www/phoenix-plus.ru/upload/custom_1c/contragents___e1338980-249a-44e8-b0a1-bb5e74a76352.xml"


string(118) "/var/www/phoenix_prod/data/www/phoenix-plus.ru/upload/custom_1c/contragents___537d79ea-3e0f-4f3c-aa1c-d363291c1e66.xml"


string(118) "/var/www/phoenix_prod/data/www/phoenix-plus.ru/upload/custom_1c/contragents___25b1adcf-a038-41c1-b3b8-0982c1f0b002.xml"


string(118) "/var/www/phoenix_prod/data/www/phoenix-plus.ru/upload/custom_1c/contragents___b9de6629-6820-4d1f-acd9-7037549dba3f.xml"


string(118) "/var/www/phoenix_prod/data/www/phoenix-plus.ru/upload/custom_1c/contragents___e7cd80d7-172e-4079-9fe2-51518b48a065.xml"


string(118) "/var/www/phoenix_prod/data/www/phoenix-plus.ru/upload/custom_1c/contragents___68192d51-c452-4c1c-ac02-fbbc2741d6e7.xml"


string(118) "/var/www/phoenix_prod/data/www/phoenix-plus.ru/upload/custom_1c/contragents___8b24e0d4-50a6-4f5b-9e53-c52c5401870c.xml"


string(118) "/var/www/phoenix_prod/data/www/phoenix-plus.ru/upload/custom_1c/contragents___e716a443-e232-4d0a-b7f2-2d464ca29365.xml"


string(118) "/var/www/phoenix_prod/data/www/phoenix-plus.ru/upload/custom_1c/contragents___5ff7adae-5537-4ab0-857f-1a116e284955.xml"


string(118) "/var/www/phoenix_prod/data/www/phoenix-plus.ru/upload/custom_1c/contragents___8bdb0553-2dbd-4424-abfa-f5a7651282e1.xml"


string(118) "/var/www/phoenix_prod/data/www/phoenix-plus.ru/upload/custom_1c/contragents___c825d999-e255-41f7-bd6d-ad3296e6d0c8.xml"


string(118) "/var/www/phoenix_prod/data/www/phoenix-plus.ru/upload/custom_1c/contragents___dea26565-8997-44a0-abeb-c7c8549d814f.xml"


string(118) "/var/www/phoenix_prod/data/www/phoenix-plus.ru/upload/custom_1c/contragents___b76cd8e6-6bb2-418d-9b45-cb004280247d.xml"


string(118) "/var/www/phoenix_prod/data/www/phoenix-plus.ru/upload/custom_1c/contragents___3b1591aa-64ef-47d3-bdbb-079653821801.xml"


string(118) "/var/www/phoenix_prod/data/www/phoenix-plus.ru/upload/custom_1c/contragents___b5216107-e249-407c-aa0a-67af4ca33da1.xml"


string(118) "/var/www/phoenix_prod/data/www/phoenix-plus.ru/upload/custom_1c/contragents___407c2006-f64e-4069-9ec1-3ca2dfd65763.xml"


string(118) "/var/www/phoenix_prod/data/www/phoenix-plus.ru/upload/custom_1c/contragents___bb5c34ed-3787-440d-92c2-8485b313e29c.xml"


string(118) "/var/www/phoenix_prod/data/www/phoenix-plus.ru/upload/custom_1c/contragents___99052e03-5a07-4068-9ec2-a5579276dee2.xml"


string(118) "/var/www/phoenix_prod/data/www/phoenix-plus.ru/upload/custom_1c/contragents___2120ed81-7d39-4c7d-a27f-2ab7f116d5c5.xml"


string(118) "/var/www/phoenix_prod/data/www/phoenix-plus.ru/upload/custom_1c/contragents___8996dcf6-dbe0-4656-b646-13226c633cf9.xml"


string(118) "/var/www/phoenix_prod/data/www/phoenix-plus.ru/upload/custom_1c/contragents___2238a373-067d-4455-9b40-9502731a8888.xml"


string(118) "/var/www/phoenix_prod/data/www/phoenix-plus.ru/upload/custom_1c/contragents___4d3ad8a4-03ed-4845-a525-0d341af5c2db.xml"


string(118) "/var/www/phoenix_prod/data/www/phoenix-plus.ru/upload/custom_1c/contragents___ac566664-d1dc-48bc-96be-1667da7299da.xml"


string(118) "/var/www/phoenix_prod/data/www/phoenix-plus.ru/upload/custom_1c/contragents___8b41eaf2-95f1-4255-b345-7e6ac9073149.xml"


string(118) "/var/www/phoenix_prod/data/www/phoenix-plus.ru/upload/custom_1c/contragents___8643aaba-9970-4ecc-975f-ff9f1b52b21d.xml"


string(118) "/var/www/phoenix_prod/data/www/phoenix-plus.ru/upload/custom_1c/contragents___b9686074-b874-4bac-be29-9b2e8e90b60f.xml"


string(118) "/var/www/phoenix_prod/data/www/phoenix-plus.ru/upload/custom_1c/contragents___8d4dddd9-3293-491f-aaef-2824b442ed34.xml"


string(118) "/var/www/phoenix_prod/data/www/phoenix-plus.ru/upload/custom_1c/contragents___20d60fee-4a49-4e8f-8ae2-ccefe59ff031.xml"


string(118) "/var/www/phoenix_prod/data/www/phoenix-plus.ru/upload/custom_1c/contragents___cfb33513-2bdd-43ad-aad3-b7d20306f9ed.xml"


string(118) "/var/www/phoenix_prod/data/www/phoenix-plus.ru/upload/custom_1c/contragents___2ba4b9d0-64cd-4df4-a8be-659e068efb20.xml"


string(118) "/var/www/phoenix_prod/data/www/phoenix-plus.ru/upload/custom_1c/contragents___ba424141-294c-44f1-bf53-d963c2198499.xml"


string(118) "/var/www/phoenix_prod/data/www/phoenix-plus.ru/upload/custom_1c/contragents___9d0e6731-8b3b-43cc-8cff-151f52b87b7d.xml"


string(118) "/var/www/phoenix_prod/data/www/phoenix-plus.ru/upload/custom_1c/contragents___1eff3b63-91bf-4e81-99e0-d74d22c40dad.xml"


string(118) "/var/www/phoenix_prod/data/www/phoenix-plus.ru/upload/custom_1c/contragents___b03c8bd6-8f35-45de-b65d-2d8d1efde265.xml"


string(118) "/var/www/phoenix_prod/data/www/phoenix-plus.ru/upload/custom_1c/contragents___ec009df9-184c-4f91-bb8e-e1f08acc05ee.xml"


string(118) "/var/www/phoenix_prod/data/www/phoenix-plus.ru/upload/custom_1c/contragents___bd464686-0c04-4a7f-ade2-046f1d68de9b.xml"


string(118) "/var/www/phoenix_prod/data/www/phoenix-plus.ru/upload/custom_1c/contragents___20d00804-ce07-46c0-b160-f8f65e8a5a41.xml"


string(118) "/var/www/phoenix_prod/data/www/phoenix-plus.ru/upload/custom_1c/contragents___b5ded759-732d-4b88-8f50-773752824d1d.xml"


string(118) "/var/www/phoenix_prod/data/www/phoenix-plus.ru/upload/custom_1c/contragents___e9a5f9bb-9166-47ed-88f1-c90d59488154.xml"


string(118) "/var/www/phoenix_prod/data/www/phoenix-plus.ru/upload/custom_1c/contragents___9700c060-52b1-472c-9058-1e9cf8a15068.xml"


string(118) "/var/www/phoenix_prod/data/www/phoenix-plus.ru/upload/custom_1c/contragents___6c2ee67a-ee6b-4f5d-8afe-a441b6e2a2f7.xml"


string(118) "/var/www/phoenix_prod/data/www/phoenix-plus.ru/upload/custom_1c/contragents___0e569797-c845-4a6d-b78d-05566d3cd63f.xml"


string(118) "/var/www/phoenix_prod/data/www/phoenix-plus.ru/upload/custom_1c/contragents___0adebbe6-56ae-4cc8-b2c2-d03e6b1895d5.xml"


string(118) "/var/www/phoenix_prod/data/www/phoenix-plus.ru/upload/custom_1c/contragents___10c5a8b1-1cad-41b1-afc4-256e8834325c.xml"


string(118) "/var/www/phoenix_prod/data/www/phoenix-plus.ru/upload/custom_1c/contragents___d21d6d66-0c1d-47c7-93f7-4691f5f39244.xml"


string(118) "/var/www/phoenix_prod/data/www/phoenix-plus.ru/upload/custom_1c/contragents___1e20eb89-22f5-49ba-b100-6abec1eec0c6.xml"


string(118) "/var/www/phoenix_prod/data/www/phoenix-plus.ru/upload/custom_1c/contragents___999cd418-241f-4ef3-9d4a-fd424c0d1978.xml"


string(118) "/var/www/phoenix_prod/data/www/phoenix-plus.ru/upload/custom_1c/contragents___5959820e-2d27-457e-9bfd-0746e2c02ba0.xml"


string(118) "/var/www/phoenix_prod/data/www/phoenix-plus.ru/upload/custom_1c/contragents___428de803-ec79-43fe-ad93-4e5dbc09bfb3.xml"


string(118) "/var/www/phoenix_prod/data/www/phoenix-plus.ru/upload/custom_1c/contragents___52c11a42-551b-4697-ac4f-6b4175ba2c7e.xml"


string(118) "/var/www/phoenix_prod/data/www/phoenix-plus.ru/upload/custom_1c/contragents___992bc92e-9add-45d0-843a-d96d340f85e8.xml"


string(118) "/var/www/phoenix_prod/data/www/phoenix-plus.ru/upload/custom_1c/contragents___f811877c-4d83-477a-ae83-ad76a0af6317.xml"


string(118) "/var/www/phoenix_prod/data/www/phoenix-plus.ru/upload/custom_1c/contragents___4c6279de-3498-4e7a-af0f-a45ddf0228cc.xml"


string(118) "/var/www/phoenix_prod/data/www/phoenix-plus.ru/upload/custom_1c/contragents___fbe6d0fd-c23a-441a-9441-9ab8016809c9.xml"


string(118) "/var/www/phoenix_prod/data/www/phoenix-plus.ru/upload/custom_1c/contragents___465c2427-33f3-4601-98ef-a11d7a135099.xml"


string(118) "/var/www/phoenix_prod/data/www/phoenix-plus.ru/upload/custom_1c/contragents___ebf3c1ea-2a0c-40ac-9bea-954f91d58e20.xml"


string(118) "/var/www/phoenix_prod/data/www/phoenix-plus.ru/upload/custom_1c/contragents___4a226687-7c7f-4673-803e-94184f51df61.xml"


string(118) "/var/www/phoenix_prod/data/www/phoenix-plus.ru/upload/custom_1c/contragents___4ec15f04-56ef-48c0-989c-da456bf60058.xml"


string(118) "/var/www/phoenix_prod/data/www/phoenix-plus.ru/upload/custom_1c/contragents___cbdf50f2-cf5b-43ab-872d-bd095818a1aa.xml"


string(118) "/var/www/phoenix_prod/data/www/phoenix-plus.ru/upload/custom_1c/contragents___85ac22b9-7d6d-411c-9908-d4dcbfba9fe8.xml"


string(118) "/var/www/phoenix_prod/data/www/phoenix-plus.ru/upload/custom_1c/contragents___560ee29c-6858-4153-bcc1-3935c3aa5719.xml"


string(118) "/var/www/phoenix_prod/data/www/phoenix-plus.ru/upload/custom_1c/contragents___b2ec757d-7d4b-41f1-b3d3-05e5fd51f565.xml"


string(118) "/var/www/phoenix_prod/data/www/phoenix-plus.ru/upload/custom_1c/contragents___b952d292-99ce-4845-b2b3-3156ce6b73bb.xml"


string(118) "/var/www/phoenix_prod/data/www/phoenix-plus.ru/upload/custom_1c/contragents___fbfcec57-36f7-4162-9474-31f2cf1f5b13.xml"


string(118) "/var/www/phoenix_prod/data/www/phoenix-plus.ru/upload/custom_1c/contragents___009b54c3-4726-45cd-b8c0-50890b354be8.xml"


string(118) "/var/www/phoenix_prod/data/www/phoenix-plus.ru/upload/custom_1c/contragents___62716d53-5301-4d04-ba48-7e178ce1f3bc.xml"


string(118) "/var/www/phoenix_prod/data/www/phoenix-plus.ru/upload/custom_1c/contragents___169cfdcb-7e08-41ed-aa97-491d03065eae.xml"


string(118) "/var/www/phoenix_prod/data/www/phoenix-plus.ru/upload/custom_1c/contragents___f25aef3c-db9f-48e3-9fca-7ab9cd9a56be.xml"


string(118) "/var/www/phoenix_prod/data/www/phoenix-plus.ru/upload/custom_1c/contragents___8755901f-4061-4ec8-8cf9-36376e4d4f03.xml"


string(118) "/var/www/phoenix_prod/data/www/phoenix-plus.ru/upload/custom_1c/contragents___97fa4552-2cd4-44e8-87fd-991b0416d5f2.xml"


string(118) "/var/www/phoenix_prod/data/www/phoenix-plus.ru/upload/custom_1c/contragents___1f5039a7-6762-478d-add1-9aa35d881037.xml"


string(118) "/var/www/phoenix_prod/data/www/phoenix-plus.ru/upload/custom_1c/contragents___cd83927b-9c41-490c-82ac-94f6cb55cc2c.xml"


string(118) "/var/www/phoenix_prod/data/www/phoenix-plus.ru/upload/custom_1c/contragents___6a6d20e1-2dd4-4b40-adbe-1a2e448a2d91.xml"


string(118) "/var/www/phoenix_prod/data/www/phoenix-plus.ru/upload/custom_1c/contragents___0a0adf15-4fe4-4df2-ae2a-e97987bcbd38.xml"


string(118) "/var/www/phoenix_prod/data/www/phoenix-plus.ru/upload/custom_1c/contragents___829b2c65-a01c-46ca-8806-5569965e9f9e.xml"


string(118) "/var/www/phoenix_prod/data/www/phoenix-plus.ru/upload/custom_1c/contragents___ca9cf153-6d7a-4fa4-92ea-b2c7941c60da.xml"


string(118) "/var/www/phoenix_prod/data/www/phoenix-plus.ru/upload/custom_1c/contragents___0244f096-181e-45d5-841d-9c30a0d8f6c3.xml"


string(118) "/var/www/phoenix_prod/data/www/phoenix-plus.ru/upload/custom_1c/contragents___5f09881a-f6a0-45f8-9fd9-0c2a0bd1052c.xml"


string(118) "/var/www/phoenix_prod/data/www/phoenix-plus.ru/upload/custom_1c/contragents___3a377ded-97be-4daf-9971-b44bf48345e1.xml"


string(118) "/var/www/phoenix_prod/data/www/phoenix-plus.ru/upload/custom_1c/contragents___38d6911d-f5aa-418c-9170-ba0fb778dd48.xml"


string(118) "/var/www/phoenix_prod/data/www/phoenix-plus.ru/upload/custom_1c/contragents___d2b689b9-d2e0-4224-901b-4aa32b3044ef.xml"


string(118) "/var/www/phoenix_prod/data/www/phoenix-plus.ru/upload/custom_1c/contragents___86a212f5-bea4-499e-8430-2913762ea89f.xml"


string(118) "/var/www/phoenix_prod/data/www/phoenix-plus.ru/upload/custom_1c/contragents___227c3764-5fc8-431e-952f-a47568bed180.xml"


string(118) "/var/www/phoenix_prod/data/www/phoenix-plus.ru/upload/custom_1c/contragents___90ac3978-17c2-46f3-9bca-197dc0648764.xml"


string(118) "/var/www/phoenix_prod/data/www/phoenix-plus.ru/upload/custom_1c/contragents___954df121-ebce-40c6-b75c-62e1363c73f8.xml"


string(118) "/var/www/phoenix_prod/data/www/phoenix-plus.ru/upload/custom_1c/contragents___13683a3a-f6fa-4b01-91ab-d6a71bce7244.xml"


string(118) "/var/www/phoenix_prod/data/www/phoenix-plus.ru/upload/custom_1c/contragents___42bd084c-7475-447e-bc79-411caf803876.xml"


string(118) "/var/www/phoenix_prod/data/www/phoenix-plus.ru/upload/custom_1c/contragents___49f84788-ba5b-414a-aef4-6e4de2f2bf9b.xml"


string(118) "/var/www/phoenix_prod/data/www/phoenix-plus.ru/upload/custom_1c/contragents___c364da61-5e48-4891-928c-b80ea4841c6a.xml"


string(118) "/var/www/phoenix_prod/data/www/phoenix-plus.ru/upload/custom_1c/contragents___5ee1e931-e502-498b-ad1d-3a1c8fd9c421.xml"


string(118) "/var/www/phoenix_prod/data/www/phoenix-plus.ru/upload/custom_1c/contragents___94f4b7f0-1926-4e9b-b7cc-6f9abfa3bf9d.xml"


string(118) "/var/www/phoenix_prod/data/www/phoenix-plus.ru/upload/custom_1c/contragents___3dfa9f38-b0c6-4ef0-a064-4933ab4b9c11.xml"


string(118) "/var/www/phoenix_prod/data/www/phoenix-plus.ru/upload/custom_1c/contragents___4e903fc4-649f-43b5-92a7-33407d64f484.xml"


string(118) "/var/www/phoenix_prod/data/www/phoenix-plus.ru/upload/custom_1c/contragents___5d2d876e-6706-4112-8e99-c4c4e3d572c3.xml"


string(118) "/var/www/phoenix_prod/data/www/phoenix-plus.ru/upload/custom_1c/contragents___66237984-0dad-4921-af53-50495eee31ee.xml"


string(118) "/var/www/phoenix_prod/data/www/phoenix-plus.ru/upload/custom_1c/contragents___b2a15db4-de82-44e6-9a25-503314ff76a7.xml"


string(118) "/var/www/phoenix_prod/data/www/phoenix-plus.ru/upload/custom_1c/contragents___c5ef44bf-16db-4fb1-b7b3-618cd3c61c32.xml"


string(118) "/var/www/phoenix_prod/data/www/phoenix-plus.ru/upload/custom_1c/contragents___9cbb21cb-7241-4d4f-9d39-42b0992cd01b.xml"


string(118) "/var/www/phoenix_prod/data/www/phoenix-plus.ru/upload/custom_1c/contragents___13a2f4b1-d543-4884-a0d5-d573171b3857.xml"


string(118) "/var/www/phoenix_prod/data/www/phoenix-plus.ru/upload/custom_1c/contragents___b4cc7b2e-4bae-4d64-8735-5a6f8989c4ae.xml"


string(118) "/var/www/phoenix_prod/data/www/phoenix-plus.ru/upload/custom_1c/contragents___bd63ad6f-8c05-4dd8-ae55-2e9a4a8842c6.xml"


string(118) "/var/www/phoenix_prod/data/www/phoenix-plus.ru/upload/custom_1c/contragents___30f2240b-5657-4ca4-9dfd-96980571059a.xml"


string(118) "/var/www/phoenix_prod/data/www/phoenix-plus.ru/upload/custom_1c/contragents___c8d32a48-69a1-4bd2-be57-bb18d187b4f7.xml"


string(118) "/var/www/phoenix_prod/data/www/phoenix-plus.ru/upload/custom_1c/contragents___17746961-3779-4787-bda5-bfa3c5548805.xml"


string(118) "/var/www/phoenix_prod/data/www/phoenix-plus.ru/upload/custom_1c/contragents___c14e0cea-9028-421d-b327-a022c4c8da16.xml"


string(118) "/var/www/phoenix_prod/data/www/phoenix-plus.ru/upload/custom_1c/contragents___d56b74c9-a38d-485c-8f60-619259622dbf.xml"


string(118) "/var/www/phoenix_prod/data/www/phoenix-plus.ru/upload/custom_1c/contragents___03bc8f1c-ff52-4fc3-93cf-3cf4ddbcec36.xml"


string(118) "/var/www/phoenix_prod/data/www/phoenix-plus.ru/upload/custom_1c/contragents___5a65b0e4-3a87-4db3-9f2d-a09f418b52a7.xml"


string(118) "/var/www/phoenix_prod/data/www/phoenix-plus.ru/upload/custom_1c/contragents___318fa209-4d85-46aa-b10c-daa3ab175a86.xml"


string(118) "/var/www/phoenix_prod/data/www/phoenix-plus.ru/upload/custom_1c/contragents___099621dc-ae2e-4dad-aaf8-528059d2b85f.xml"


string(118) "/var/www/phoenix_prod/data/www/phoenix-plus.ru/upload/custom_1c/contragents___b36426ed-776d-4c4a-b5f1-76c78a011dd3.xml"


string(118) "/var/www/phoenix_prod/data/www/phoenix-plus.ru/upload/custom_1c/contragents___84f1aa76-0dbf-4470-8cce-2bcf640a02f7.xml"


string(118) "/var/www/phoenix_prod/data/www/phoenix-plus.ru/upload/custom_1c/contragents___e4d834d8-0574-4043-ab8d-4a5fb738eb3c.xml"


string(118) "/var/www/phoenix_prod/data/www/phoenix-plus.ru/upload/custom_1c/contragents___fdc9c3b0-ed74-4e34-8f9a-182fd3796682.xml"


string(118) "/var/www/phoenix_prod/data/www/phoenix-plus.ru/upload/custom_1c/contragents___3f53bb8e-b703-4ff4-a2d8-e8cf44ad215d.xml"


string(118) "/var/www/phoenix_prod/data/www/phoenix-plus.ru/upload/custom_1c/contragents___fb08ce49-8dd1-4921-9ef4-6daa8b029776.xml"


string(118) "/var/www/phoenix_prod/data/www/phoenix-plus.ru/upload/custom_1c/contragents___6caac952-41d1-4ac5-aed9-c54c926d0d9f.xml"


string(118) "/var/www/phoenix_prod/data/www/phoenix-plus.ru/upload/custom_1c/contragents___e1ccb866-35a2-4454-bdbc-7bce3baa227f.xml"


string(118) "/var/www/phoenix_prod/data/www/phoenix-plus.ru/upload/custom_1c/contragents___e99f0aee-9fb6-49fd-aaa6-7929144efd57.xml"


string(118) "/var/www/phoenix_prod/data/www/phoenix-plus.ru/upload/custom_1c/contragents___26839156-0706-4613-94d2-d31e727b11b3.xml"


string(118) "/var/www/phoenix_prod/data/www/phoenix-plus.ru/upload/custom_1c/contragents___15c86b9a-32af-4f42-8a41-e5879a86bd21.xml"


string(118) "/var/www/phoenix_prod/data/www/phoenix-plus.ru/upload/custom_1c/contragents___132b2285-1ccc-46c1-8d32-2d10dd9dee45.xml"


string(118) "/var/www/phoenix_prod/data/www/phoenix-plus.ru/upload/custom_1c/contragents___a1a9a60b-8464-4346-8f42-da57239efe09.xml"


string(118) "/var/www/phoenix_prod/data/www/phoenix-plus.ru/upload/custom_1c/contragents___bc562a58-cfdf-4f6d-a4a6-42fd8c6ff971.xml"


string(118) "/var/www/phoenix_prod/data/www/phoenix-plus.ru/upload/custom_1c/contragents___8a190618-fb5a-4f63-8167-5abf506ce747.xml"


string(118) "/var/www/phoenix_prod/data/www/phoenix-plus.ru/upload/custom_1c/contragents___caeb652e-21fc-4674-a487-ba0ea25faaac.xml"


string(118) "/var/www/phoenix_prod/data/www/phoenix-plus.ru/upload/custom_1c/contragents___fc1aea30-9cd6-4931-b1ff-5d4b0756271a.xml"


string(118) "/var/www/phoenix_prod/data/www/phoenix-plus.ru/upload/custom_1c/contragents___db2e5104-d4fa-48ab-9ba4-9edf055807ed.xml"


string(118) "/var/www/phoenix_prod/data/www/phoenix-plus.ru/upload/custom_1c/contragents___cc53add0-9a42-45dd-84a6-f3e3328ddac1.xml"


string(118) "/var/www/phoenix_prod/data/www/phoenix-plus.ru/upload/custom_1c/contragents___40a45b84-d6f8-4c68-83fb-734b05d62fa3.xml"


string(118) "/var/www/phoenix_prod/data/www/phoenix-plus.ru/upload/custom_1c/contragents___93b88697-bf97-42e5-bece-5078aec5541a.xml"


string(118) "/var/www/phoenix_prod/data/www/phoenix-plus.ru/upload/custom_1c/contragents___cdb238c8-5a38-4641-b168-09b867f9ac8b.xml"


string(118) "/var/www/phoenix_prod/data/www/phoenix-plus.ru/upload/custom_1c/contragents___4cf27a19-89c6-40a2-9de3-4eb569c649a5.xml"


string(118) "/var/www/phoenix_prod/data/www/phoenix-plus.ru/upload/custom_1c/contragents___35053538-17df-479d-ad87-5e7cfdd7556e.xml"


string(118) "/var/www/phoenix_prod/data/www/phoenix-plus.ru/upload/custom_1c/contragents___b293843a-6f46-4b4a-b5eb-3a896b4d8a91.xml"


string(118) "/var/www/phoenix_prod/data/www/phoenix-plus.ru/upload/custom_1c/contragents___6afdc9e4-a165-427d-848e-2f33e35870a4.xml"


string(118) "/var/www/phoenix_prod/data/www/phoenix-plus.ru/upload/custom_1c/contragents___5872662a-33b4-4991-a423-1c8f88bcd925.xml"


string(118) "/var/www/phoenix_prod/data/www/phoenix-plus.ru/upload/custom_1c/contragents___a37bf896-7a60-421a-a51f-5c68b5296fbb.xml"


string(118) "/var/www/phoenix_prod/data/www/phoenix-plus.ru/upload/custom_1c/contragents___4cb54f4c-6427-4433-922b-b8c6a2c9537c.xml"


string(118) "/var/www/phoenix_prod/data/www/phoenix-plus.ru/upload/custom_1c/contragents___46151a5e-589e-40a9-9958-1406b9946798.xml"


string(118) "/var/www/phoenix_prod/data/www/phoenix-plus.ru/upload/custom_1c/contragents___3d4a5106-7a0c-4749-9433-c4a50687f81f.xml"


string(118) "/var/www/phoenix_prod/data/www/phoenix-plus.ru/upload/custom_1c/contragents___8d1ca9cd-166a-4fde-b872-cd4b6c35f43a.xml"


string(118) "/var/www/phoenix_prod/data/www/phoenix-plus.ru/upload/custom_1c/contragents___f428d8aa-b6cd-4962-a8fb-f379c9098cd0.xml"


string(118) "/var/www/phoenix_prod/data/www/phoenix-plus.ru/upload/custom_1c/contragents___dc9643fd-4cfb-441a-bf31-f2ee126c78a2.xml"


string(118) "/var/www/phoenix_prod/data/www/phoenix-plus.ru/upload/custom_1c/contragents___7502a64f-54d2-4782-9b6f-bd2c3868011f.xml"


string(118) "/var/www/phoenix_prod/data/www/phoenix-plus.ru/upload/custom_1c/contragents___b6b81e18-da7a-4ba0-aeb0-d0f85908090d.xml"


string(118) "/var/www/phoenix_prod/data/www/phoenix-plus.ru/upload/custom_1c/contragents___c9ded20e-c273-4634-b752-ce7084cd7a0b.xml"


string(118) "/var/www/phoenix_prod/data/www/phoenix-plus.ru/upload/custom_1c/contragents___891478c2-b3ad-4067-ac4d-8e2a8edffbf5.xml"


string(118) "/var/www/phoenix_prod/data/www/phoenix-plus.ru/upload/custom_1c/contragents___f1f0d964-ace7-4aff-963b-ce53808b427f.xml"


string(118) "/var/www/phoenix_prod/data/www/phoenix-plus.ru/upload/custom_1c/contragents___2f455d7d-ee2e-4de5-9a76-ac45afe286cc.xml"


string(118) "/var/www/phoenix_prod/data/www/phoenix-plus.ru/upload/custom_1c/contragents___7c209967-74f2-438b-9047-a099e4cb3370.xml"


string(118) "/var/www/phoenix_prod/data/www/phoenix-plus.ru/upload/custom_1c/contragents___cad035c4-6d17-4f5d-8032-b998a7d3d676.xml"


string(118) "/var/www/phoenix_prod/data/www/phoenix-plus.ru/upload/custom_1c/contragents___9f90dae4-39be-4421-a177-46327350a294.xml"


string(118) "/var/www/phoenix_prod/data/www/phoenix-plus.ru/upload/custom_1c/contragents___1aa83f0b-a2a9-4f62-afdf-d9fcbb7b69c9.xml"


string(118) "/var/www/phoenix_prod/data/www/phoenix-plus.ru/upload/custom_1c/contragents___bdba6fef-53b5-47ce-a414-5bc0048c8357.xml"


string(118) "/var/www/phoenix_prod/data/www/phoenix-plus.ru/upload/custom_1c/contragents___3e1b687b-8b91-472d-9c42-752d8ef8de6f.xml"


string(118) "/var/www/phoenix_prod/data/www/phoenix-plus.ru/upload/custom_1c/contragents___1ad25b9b-0526-47d2-994c-ab0370746424.xml"


string(118) "/var/www/phoenix_prod/data/www/phoenix-plus.ru/upload/custom_1c/contragents___305e3136-c526-4fbf-83d2-5105a8c494b6.xml"


string(118) "/var/www/phoenix_prod/data/www/phoenix-plus.ru/upload/custom_1c/contragents___1f09ba0f-4803-41e4-9da2-ef451c0d256f.xml"


string(118) "/var/www/phoenix_prod/data/www/phoenix-plus.ru/upload/custom_1c/contragents___5e33581a-d686-43bb-b24f-ddcf993f875b.xml"


string(118) "/var/www/phoenix_prod/data/www/phoenix-plus.ru/upload/custom_1c/contragents___dac12ca4-0d1b-4402-bb71-935d5d01b3fb.xml"


string(118) "/var/www/phoenix_prod/data/www/phoenix-plus.ru/upload/custom_1c/contragents___b7ad6f69-3a40-4e56-8a54-d50f05a6ba90.xml"


string(118) "/var/www/phoenix_prod/data/www/phoenix-plus.ru/upload/custom_1c/contragents___00a4231f-594b-4397-8986-7298e8ef0469.xml"


string(118) "/var/www/phoenix_prod/data/www/phoenix-plus.ru/upload/custom_1c/contragents___4c9b5286-9f7e-4cf0-9849-5676a317dd63.xml"


string(118) "/var/www/phoenix_prod/data/www/phoenix-plus.ru/upload/custom_1c/contragents___377e1697-5a47-4c20-b60b-798ea871c46c.xml"


string(118) "/var/www/phoenix_prod/data/www/phoenix-plus.ru/upload/custom_1c/contragents___99bfa2a8-1657-4b1f-8586-5ba89298ae63.xml"


string(118) "/var/www/phoenix_prod/data/www/phoenix-plus.ru/upload/custom_1c/contragents___5ec6c6c9-5943-41db-9da1-635be565af67.xml"


string(118) "/var/www/phoenix_prod/data/www/phoenix-plus.ru/upload/custom_1c/contragents___e5d797d9-0508-4908-bf83-031399d7b23a.xml"


string(118) "/var/www/phoenix_prod/data/www/phoenix-plus.ru/upload/custom_1c/contragents___aad08c2b-3b26-4590-9c11-59b935fd4a9e.xml"


string(118) "/var/www/phoenix_prod/data/www/phoenix-plus.ru/upload/custom_1c/contragents___99c1cb04-d800-4308-81dc-c3cf02f5ce0e.xml"


string(118) "/var/www/phoenix_prod/data/www/phoenix-plus.ru/upload/custom_1c/contragents___917b1470-6d7a-451e-81e5-a16e1727b9ee.xml"


string(118) "/var/www/phoenix_prod/data/www/phoenix-plus.ru/upload/custom_1c/contragents___bee3ccbf-313a-4edb-8085-26f9815df35b.xml"


string(118) "/var/www/phoenix_prod/data/www/phoenix-plus.ru/upload/custom_1c/contragents___a5d12417-7c18-4e41-bdb4-6a392fdf6770.xml"


string(118) "/var/www/phoenix_prod/data/www/phoenix-plus.ru/upload/custom_1c/contragents___b62816e0-9fc4-41c8-a7a0-b71e40d3527f.xml"


string(118) "/var/www/phoenix_prod/data/www/phoenix-plus.ru/upload/custom_1c/contragents___b2dc2307-ad4c-4a30-83e6-bebdaee88159.xml"


string(118) "/var/www/phoenix_prod/data/www/phoenix-plus.ru/upload/custom_1c/contragents___5a5adece-bc80-49a1-a379-135c2e8e1f55.xml"


string(118) "/var/www/phoenix_prod/data/www/phoenix-plus.ru/upload/custom_1c/contragents___0028a13c-6d33-40f8-895b-730a19d0b5fd.xml"


string(118) "/var/www/phoenix_prod/data/www/phoenix-plus.ru/upload/custom_1c/contragents___eab2832e-f7b4-4db2-a854-4eacf373391d.xml"


string(118) "/var/www/phoenix_prod/data/www/phoenix-plus.ru/upload/custom_1c/contragents___a9362262-0369-4db4-ab1d-e01b5a5c992a.xml"


string(118) "/var/www/phoenix_prod/data/www/phoenix-plus.ru/upload/custom_1c/contragents___06e351cd-30aa-45dd-85a8-521ae95ce55a.xml"


string(118) "/var/www/phoenix_prod/data/www/phoenix-plus.ru/upload/custom_1c/contragents___f49a2d45-c8b1-4ff2-8c7c-28da9a6c8583.xml"


string(118) "/var/www/phoenix_prod/data/www/phoenix-plus.ru/upload/custom_1c/contragents___0672c998-a9a0-43d4-904d-596e7c8cf2c6.xml"


string(118) "/var/www/phoenix_prod/data/www/phoenix-plus.ru/upload/custom_1c/contragents___37c3bf8a-2674-448c-add9-63b8fe34b396.xml"


string(118) "/var/www/phoenix_prod/data/www/phoenix-plus.ru/upload/custom_1c/contragents___da82abdd-6301-4b6d-b618-182967a2d216.xml"


string(118) "/var/www/phoenix_prod/data/www/phoenix-plus.ru/upload/custom_1c/contragents___d42e0d15-6902-4af8-aa3f-0798a5d2b2a1.xml"


string(118) "/var/www/phoenix_prod/data/www/phoenix-plus.ru/upload/custom_1c/contragents___983c163a-20f8-44c2-adcf-2c243133c15d.xml"


string(118) "/var/www/phoenix_prod/data/www/phoenix-plus.ru/upload/custom_1c/contragents___e7121e7a-59b7-43a6-9e56-e990d9faba43.xml"


string(118) "/var/www/phoenix_prod/data/www/phoenix-plus.ru/upload/custom_1c/contragents___390a8af3-26f6-4181-97bc-bc2c23ad1d84.xml"


string(118) "/var/www/phoenix_prod/data/www/phoenix-plus.ru/upload/custom_1c/contragents___443dd05f-a962-4a56-847f-bb817fe0bedc.xml"


string(118) "/var/www/phoenix_prod/data/www/phoenix-plus.ru/upload/custom_1c/contragents___70dc0652-b982-43f8-a5cc-603189396451.xml"


string(118) "/var/www/phoenix_prod/data/www/phoenix-plus.ru/upload/custom_1c/contragents___cebf86de-d168-49b8-923e-dffd7422d4b1.xml"


string(118) "/var/www/phoenix_prod/data/www/phoenix-plus.ru/upload/custom_1c/contragents___bf189923-bc17-4c61-aaab-d0ba591de44d.xml"


string(118) "/var/www/phoenix_prod/data/www/phoenix-plus.ru/upload/custom_1c/contragents___eb424558-7859-4dd9-b246-2a0b74a2e96e.xml"


string(118) "/var/www/phoenix_prod/data/www/phoenix-plus.ru/upload/custom_1c/contragents___40e4e3ce-b12c-4b3b-8218-de06d1fbf394.xml"


string(118) "/var/www/phoenix_prod/data/www/phoenix-plus.ru/upload/custom_1c/contragents___99277a91-b886-4670-bc63-26c7d3ee61d4.xml"


string(118) "/var/www/phoenix_prod/data/www/phoenix-plus.ru/upload/custom_1c/contragents___9cbb28a8-d24e-4e25-acb1-dc30cfe50a7f.xml"


string(118) "/var/www/phoenix_prod/data/www/phoenix-plus.ru/upload/custom_1c/contragents___bfbfbfd4-132a-4c77-ba9e-1fb249a86f72.xml"


string(118) "/var/www/phoenix_prod/data/www/phoenix-plus.ru/upload/custom_1c/contragents___f9542ce9-840e-4109-9f1f-7643783821e9.xml"


string(118) "/var/www/phoenix_prod/data/www/phoenix-plus.ru/upload/custom_1c/contragents___c50c8cf1-a61b-40aa-9971-f4d634892129.xml"


string(118) "/var/www/phoenix_prod/data/www/phoenix-plus.ru/upload/custom_1c/contragents___62c57e3a-b01e-420e-891f-162059929622.xml"


string(118) "/var/www/phoenix_prod/data/www/phoenix-plus.ru/upload/custom_1c/contragents___b1cdac67-7027-47f2-bc18-4f2329aeaf7f.xml"


string(118) "/var/www/phoenix_prod/data/www/phoenix-plus.ru/upload/custom_1c/contragents___41bedad3-9190-4781-a709-a86349e4f9e3.xml"


string(118) "/var/www/phoenix_prod/data/www/phoenix-plus.ru/upload/custom_1c/contragents___f7a74955-6365-4b97-b7c6-48ded99fbe6c.xml"


string(118) "/var/www/phoenix_prod/data/www/phoenix-plus.ru/upload/custom_1c/contragents___2de6e27f-53ff-4013-8c37-05b29d8b91c5.xml"


string(118) "/var/www/phoenix_prod/data/www/phoenix-plus.ru/upload/custom_1c/contragents___7fb63a60-1424-4447-bab4-ab22c0da0146.xml"


string(118) "/var/www/phoenix_prod/data/www/phoenix-plus.ru/upload/custom_1c/contragents___05325bf0-9ccb-459d-b601-afc90935d8fa.xml"


string(118) "/var/www/phoenix_prod/data/www/phoenix-plus.ru/upload/custom_1c/contragents___a59aeead-679b-4810-94b1-9ba546cac138.xml"


string(118) "/var/www/phoenix_prod/data/www/phoenix-plus.ru/upload/custom_1c/contragents___b0bcc11f-049e-407b-83e1-222bde775d60.xml"


string(118) "/var/www/phoenix_prod/data/www/phoenix-plus.ru/upload/custom_1c/contragents___009a3bec-723e-4940-8f04-99b6a3d9c8f2.xml"


string(118) "/var/www/phoenix_prod/data/www/phoenix-plus.ru/upload/custom_1c/contragents___b42d77f1-ca94-4fe6-aabb-6e32e4b3b3a5.xml"


string(118) "/var/www/phoenix_prod/data/www/phoenix-plus.ru/upload/custom_1c/contragents___f41a3d40-a5bf-461c-ad13-f261277360e2.xml"


string(118) "/var/www/phoenix_prod/data/www/phoenix-plus.ru/upload/custom_1c/contragents___003b96ab-87ef-4291-b8cb-c6bf5d6dee94.xml"


string(118) "/var/www/phoenix_prod/data/www/phoenix-plus.ru/upload/custom_1c/contragents___677a8f67-681e-42af-9489-a040ee0bdbde.xml"


string(118) "/var/www/phoenix_prod/data/www/phoenix-plus.ru/upload/custom_1c/contragents___b4e8c44e-3157-4bce-b308-d59ffe6f2f21.xml"


string(118) "/var/www/phoenix_prod/data/www/phoenix-plus.ru/upload/custom_1c/contragents___31cb5c2e-a0f5-44be-81e7-c92f33a7db26.xml"


string(118) "/var/www/phoenix_prod/data/www/phoenix-plus.ru/upload/custom_1c/contragents___70b07138-8ea8-4253-b14d-271af105e7a8.xml"


string(118) "/var/www/phoenix_prod/data/www/phoenix-plus.ru/upload/custom_1c/contragents___1f242aa6-e72f-4b09-8955-2cbd709079e9.xml"


string(118) "/var/www/phoenix_prod/data/www/phoenix-plus.ru/upload/custom_1c/contragents___6c8c3009-9fed-4fdc-bdb6-d77bd22aca18.xml"


string(118) "/var/www/phoenix_prod/data/www/phoenix-plus.ru/upload/custom_1c/contragents___80031a42-847a-4e68-9bd2-5f72976a8d8c.xml"


string(118) "/var/www/phoenix_prod/data/www/phoenix-plus.ru/upload/custom_1c/contragents___d1d227e5-b25b-4d8e-b4f9-f17f3cd33eaa.xml"


string(118) "/var/www/phoenix_prod/data/www/phoenix-plus.ru/upload/custom_1c/contragents___31b67bee-5980-437d-96d2-956b701271d3.xml"


string(118) "/var/www/phoenix_prod/data/www/phoenix-plus.ru/upload/custom_1c/contragents___dae9a188-2dcf-45b1-9855-860617a6993b.xml"


string(118) "/var/www/phoenix_prod/data/www/phoenix-plus.ru/upload/custom_1c/contragents___8a7cb5f6-bacb-4307-8edb-d4bd334fc514.xml"


string(118) "/var/www/phoenix_prod/data/www/phoenix-plus.ru/upload/custom_1c/contragents___52a4cff1-e988-416d-b3e5-b68e57b170aa.xml"


string(118) "/var/www/phoenix_prod/data/www/phoenix-plus.ru/upload/custom_1c/contragents___4b21a638-3282-4f07-b789-ecf944e794ea.xml"


string(118) "/var/www/phoenix_prod/data/www/phoenix-plus.ru/upload/custom_1c/contragents___93daecba-3449-49cc-a35e-d3ad7040c48c.xml"


string(118) "/var/www/phoenix_prod/data/www/phoenix-plus.ru/upload/custom_1c/contragents___7901113e-c973-45c1-849f-7bb5c9bb79b4.xml"


string(118) "/var/www/phoenix_prod/data/www/phoenix-plus.ru/upload/custom_1c/contragents___498b1ae8-ca39-4a82-ad2d-af9f73ca0e9e.xml"


string(118) "/var/www/phoenix_prod/data/www/phoenix-plus.ru/upload/custom_1c/contragents___0f9305d2-461a-4425-b5dc-a6dac30503e2.xml"


string(118) "/var/www/phoenix_prod/data/www/phoenix-plus.ru/upload/custom_1c/contragents___83c3c387-270c-4aef-8991-f8c4cb722481.xml"


string(118) "/var/www/phoenix_prod/data/www/phoenix-plus.ru/upload/custom_1c/contragents___1426e7f2-5e50-4c6f-b1e4-7ca90ae56537.xml"


string(118) "/var/www/phoenix_prod/data/www/phoenix-plus.ru/upload/custom_1c/contragents___ed269df8-f263-45dc-9bed-6af64df55b42.xml"


string(118) "/var/www/phoenix_prod/data/www/phoenix-plus.ru/upload/custom_1c/contragents___ee2a1cc9-20b2-43bf-b1f0-127f88c3a3bd.xml"


string(118) "/var/www/phoenix_prod/data/www/phoenix-plus.ru/upload/custom_1c/contragents___0e5a56c8-6c6e-4f52-9217-46e6985ec66a.xml"


string(118) "/var/www/phoenix_prod/data/www/phoenix-plus.ru/upload/custom_1c/contragents___61e9b347-b5aa-48f7-876c-ded8f3bfd4c8.xml"


string(118) "/var/www/phoenix_prod/data/www/phoenix-plus.ru/upload/custom_1c/contragents___3e6cd7d0-0180-4663-a316-bce9d7ab3ad5.xml"


string(118) "/var/www/phoenix_prod/data/www/phoenix-plus.ru/upload/custom_1c/contragents___d076af08-f3d4-4321-86f9-34505da79046.xml"


string(118) "/var/www/phoenix_prod/data/www/phoenix-plus.ru/upload/custom_1c/contragents___ff05d2ec-7e77-4cd7-8aec-e0bbeda0516b.xml"


string(118) "/var/www/phoenix_prod/data/www/phoenix-plus.ru/upload/custom_1c/contragents___68633202-dbbf-4739-80ed-08cddf82d196.xml"


string(118) "/var/www/phoenix_prod/data/www/phoenix-plus.ru/upload/custom_1c/contragents___34aad37a-cd0e-4616-bca2-5351ad181aae.xml"


string(118) "/var/www/phoenix_prod/data/www/phoenix-plus.ru/upload/custom_1c/contragents___24eb5478-c010-422c-ae16-d2b7c34b2b18.xml"


string(118) "/var/www/phoenix_prod/data/www/phoenix-plus.ru/upload/custom_1c/contragents___8d9e89a9-d59d-4d66-be55-c5f794b1fa18.xml"


string(118) "/var/www/phoenix_prod/data/www/phoenix-plus.ru/upload/custom_1c/contragents___037cae43-5ac5-41b1-a2eb-97e81a6dec24.xml"


string(118) "/var/www/phoenix_prod/data/www/phoenix-plus.ru/upload/custom_1c/contragents___a399c7e5-ca57-433e-bdf5-e6c5b33426f1.xml"


string(118) "/var/www/phoenix_prod/data/www/phoenix-plus.ru/upload/custom_1c/contragents___f8d1e9cf-e391-4278-9470-a1fc471d3776.xml"


string(118) "/var/www/phoenix_prod/data/www/phoenix-plus.ru/upload/custom_1c/contragents___a292ca33-0aa9-4730-a8ec-ade6bc7f1f29.xml"


string(118) "/var/www/phoenix_prod/data/www/phoenix-plus.ru/upload/custom_1c/contragents___c857db10-51a1-446b-987a-05743e461d42.xml"


string(118) "/var/www/phoenix_prod/data/www/phoenix-plus.ru/upload/custom_1c/contragents___ce1b741b-ce11-44b5-8a05-9af45ff5baf5.xml"


string(118) "/var/www/phoenix_prod/data/www/phoenix-plus.ru/upload/custom_1c/contragents___bff26b65-2e46-4a69-a884-c3107275583d.xml"


string(118) "/var/www/phoenix_prod/data/www/phoenix-plus.ru/upload/custom_1c/contragents___37d97a1e-deb8-45cb-99c3-285805186ecc.xml"


string(118) "/var/www/phoenix_prod/data/www/phoenix-plus.ru/upload/custom_1c/contragents___acf307ba-e4e2-42f1-b762-1e33def002be.xml"


string(118) "/var/www/phoenix_prod/data/www/phoenix-plus.ru/upload/custom_1c/contragents___7155b7ae-79d8-4729-946f-9e258d96fa65.xml"


string(118) "/var/www/phoenix_prod/data/www/phoenix-plus.ru/upload/custom_1c/contragents___a5eb5b79-46e1-4b06-8d23-4416128f7ed7.xml"


string(118) "/var/www/phoenix_prod/data/www/phoenix-plus.ru/upload/custom_1c/contragents___d3d34e03-d290-4f51-b79f-c32b90ac26c9.xml"


string(118) "/var/www/phoenix_prod/data/www/phoenix-plus.ru/upload/custom_1c/contragents___26046c54-7292-4578-bbe5-3b831a8a89a8.xml"


string(118) "/var/www/phoenix_prod/data/www/phoenix-plus.ru/upload/custom_1c/contragents___8120e816-847a-4048-b16e-70cb287fbcf3.xml"


string(118) "/var/www/phoenix_prod/data/www/phoenix-plus.ru/upload/custom_1c/contragents___0ee6e635-4f7b-4343-ab6b-7441d9f3209f.xml"


string(118) "/var/www/phoenix_prod/data/www/phoenix-plus.ru/upload/custom_1c/contragents___40b24eef-a663-4703-ae4f-9f574fccfc30.xml"


string(118) "/var/www/phoenix_prod/data/www/phoenix-plus.ru/upload/custom_1c/contragents___01cf978a-08f9-43ae-8c34-90351b8c16f0.xml"


string(118) "/var/www/phoenix_prod/data/www/phoenix-plus.ru/upload/custom_1c/contragents___ce720540-d1c7-453e-b612-ac2aaff11b31.xml"


string(118) "/var/www/phoenix_prod/data/www/phoenix-plus.ru/upload/custom_1c/contragents___2c5ab1d1-e120-4961-bdd9-27810f6e55f8.xml"


string(118) "/var/www/phoenix_prod/data/www/phoenix-plus.ru/upload/custom_1c/contragents___ad709356-eaf8-4e22-8c57-6dafe067bd9e.xml"


string(118) "/var/www/phoenix_prod/data/www/phoenix-plus.ru/upload/custom_1c/contragents___8572b2a0-a5db-4117-b10a-8e0849780709.xml"


string(118) "/var/www/phoenix_prod/data/www/phoenix-plus.ru/upload/custom_1c/contragents___74070012-e02d-4285-aa67-741b95669e9a.xml"


string(118) "/var/www/phoenix_prod/data/www/phoenix-plus.ru/upload/custom_1c/contragents___aafbf0f1-8bc5-4264-8028-371311351c97.xml"


string(118) "/var/www/phoenix_prod/data/www/phoenix-plus.ru/upload/custom_1c/contragents___a66ff644-4175-4d14-bff2-dbda72d7239b.xml"


string(118) "/var/www/phoenix_prod/data/www/phoenix-plus.ru/upload/custom_1c/contragents___31481e8b-498e-4739-8e22-56b184fa7ddf.xml"


string(118) "/var/www/phoenix_prod/data/www/phoenix-plus.ru/upload/custom_1c/contragents___b8faacd0-1573-49cb-bc42-43c02ad936c4.xml"


string(118) "/var/www/phoenix_prod/data/www/phoenix-plus.ru/upload/custom_1c/contragents___61f96850-ec32-4520-92f4-2eb95255301b.xml"


string(118) "/var/www/phoenix_prod/data/www/phoenix-plus.ru/upload/custom_1c/contragents___c2a76232-6f9e-45e5-b8a5-8b34c9811e63.xml"


string(118) "/var/www/phoenix_prod/data/www/phoenix-plus.ru/upload/custom_1c/contragents___7b2a9cfa-69bb-4e83-8730-0934f8a95fec.xml"


string(118) "/var/www/phoenix_prod/data/www/phoenix-plus.ru/upload/custom_1c/contragents___4ff33f57-7173-4f8a-8e06-93149af6aa1e.xml"


string(118) "/var/www/phoenix_prod/data/www/phoenix-plus.ru/upload/custom_1c/contragents___08331cbc-051f-4361-a157-b801004a247b.xml"


string(118) "/var/www/phoenix_prod/data/www/phoenix-plus.ru/upload/custom_1c/contragents___a3b05295-31fb-4b80-8437-17ec8ad94d27.xml"


string(118) "/var/www/phoenix_prod/data/www/phoenix-plus.ru/upload/custom_1c/contragents___0fb596f3-417f-443b-8c46-a878eb58a664.xml"


string(118) "/var/www/phoenix_prod/data/www/phoenix-plus.ru/upload/custom_1c/contragents___44cd6ce7-a22e-4a99-9215-a1b65bb36cb8.xml"


string(118) "/var/www/phoenix_prod/data/www/phoenix-plus.ru/upload/custom_1c/contragents___db9d0c1f-7803-4acf-846e-08517587acf3.xml"


string(118) "/var/www/phoenix_prod/data/www/phoenix-plus.ru/upload/custom_1c/contragents___474855b0-f0ae-4e08-a138-1de1b7de1779.xml"


string(118) "/var/www/phoenix_prod/data/www/phoenix-plus.ru/upload/custom_1c/contragents___35440b86-0390-43ee-adaf-5acbc9d86b1f.xml"


string(118) "/var/www/phoenix_prod/data/www/phoenix-plus.ru/upload/custom_1c/contragents___86593238-7795-4e42-9f0a-2d007162beae.xml"


string(118) "/var/www/phoenix_prod/data/www/phoenix-plus.ru/upload/custom_1c/contragents___22fdb8fe-4075-41bd-9f9b-c0d004046285.xml"


string(118) "/var/www/phoenix_prod/data/www/phoenix-plus.ru/upload/custom_1c/contragents___74d21c3c-3679-4a3c-8057-a19663781913.xml"


string(118) "/var/www/phoenix_prod/data/www/phoenix-plus.ru/upload/custom_1c/contragents___ca5bb65d-0e2e-4b8d-a546-3f249b2728af.xml"


string(118) "/var/www/phoenix_prod/data/www/phoenix-plus.ru/upload/custom_1c/contragents___c4f37239-4480-4973-9e57-68b8ba5e09d0.xml"


string(118) "/var/www/phoenix_prod/data/www/phoenix-plus.ru/upload/custom_1c/contragents___ab3eaebf-e641-48c1-bce8-469cddc161a8.xml"


string(118) "/var/www/phoenix_prod/data/www/phoenix-plus.ru/upload/custom_1c/contragents___2a706cd9-0136-4f4f-a420-856526d41d5a.xml"


string(118) "/var/www/phoenix_prod/data/www/phoenix-plus.ru/upload/custom_1c/contragents___930138a2-9ba1-43a5-baae-66f4f1bb643d.xml"


string(118) "/var/www/phoenix_prod/data/www/phoenix-plus.ru/upload/custom_1c/contragents___21d75827-1e83-49ce-98b1-27c7b1ad2517.xml"


string(118) "/var/www/phoenix_prod/data/www/phoenix-plus.ru/upload/custom_1c/contragents___c76d3d1a-111d-4717-b9cd-30d7ecdd5974.xml"


string(118) "/var/www/phoenix_prod/data/www/phoenix-plus.ru/upload/custom_1c/contragents___7cddc62a-95f2-4425-97e4-53163a244da0.xml"


string(118) "/var/www/phoenix_prod/data/www/phoenix-plus.ru/upload/custom_1c/contragents___48c5784a-2897-442e-8a4b-b3dcf00469dc.xml"


string(118) "/var/www/phoenix_prod/data/www/phoenix-plus.ru/upload/custom_1c/contragents___231fe789-5d45-4b5b-9914-022e581e4a97.xml"


string(118) "/var/www/phoenix_prod/data/www/phoenix-plus.ru/upload/custom_1c/contragents___92ff5b1d-9086-4288-aa4e-25a7b82db3c4.xml"


string(118) "/var/www/phoenix_prod/data/www/phoenix-plus.ru/upload/custom_1c/contragents___20eea466-a847-45a7-98e6-3c06cb06d83e.xml"


string(118) "/var/www/phoenix_prod/data/www/phoenix-plus.ru/upload/custom_1c/contragents___a1a944f4-8dd4-4f2c-a072-a564c4e900b0.xml"


string(118) "/var/www/phoenix_prod/data/www/phoenix-plus.ru/upload/custom_1c/contragents___e43efea5-ead8-4976-bb84-9f9619d374a9.xml"


string(118) "/var/www/phoenix_prod/data/www/phoenix-plus.ru/upload/custom_1c/contragents___d2f13922-a049-428c-a84b-22d6ed53f077.xml"


string(118) "/var/www/phoenix_prod/data/www/phoenix-plus.ru/upload/custom_1c/contragents___e352d692-b785-4067-b98f-47d36f6addb5.xml"


string(118) "/var/www/phoenix_prod/data/www/phoenix-plus.ru/upload/custom_1c/contragents___d7ba41e4-3d79-4ec2-a6ce-20fa2f75930d.xml"


string(118) "/var/www/phoenix_prod/data/www/phoenix-plus.ru/upload/custom_1c/contragents___1edffcda-e4ce-4281-adb0-1bd6d7a16aff.xml"


string(118) "/var/www/phoenix_prod/data/www/phoenix-plus.ru/upload/custom_1c/contragents___cbe4f751-a81b-400f-a7e4-f48a25d7a6f8.xml"


string(118) "/var/www/phoenix_prod/data/www/phoenix-plus.ru/upload/custom_1c/contragents___4aa6173b-89df-4475-a3d5-5362063f9063.xml"


string(118) "/var/www/phoenix_prod/data/www/phoenix-plus.ru/upload/custom_1c/contragents___d1dfc685-04bb-459d-ab63-057996a88f3c.xml"


string(118) "/var/www/phoenix_prod/data/www/phoenix-plus.ru/upload/custom_1c/contragents___af86ff9a-ad22-4dd4-8e92-92a6f93546f2.xml"


string(118) "/var/www/phoenix_prod/data/www/phoenix-plus.ru/upload/custom_1c/contragents___957fc7b2-e105-4f75-b4b5-9074ecc6796e.xml"


string(118) "/var/www/phoenix_prod/data/www/phoenix-plus.ru/upload/custom_1c/contragents___248120f9-b52f-4c99-ba8d-4818a7e2fea5.xml"


string(118) "/var/www/phoenix_prod/data/www/phoenix-plus.ru/upload/custom_1c/contragents___133fd0df-e520-4f97-aa3f-dc54cd0542d4.xml"


string(118) "/var/www/phoenix_prod/data/www/phoenix-plus.ru/upload/custom_1c/contragents___02df3717-3573-490e-8dcc-c6f345fef35e.xml"


string(118) "/var/www/phoenix_prod/data/www/phoenix-plus.ru/upload/custom_1c/contragents___ddd6d131-00a6-4f4f-ab7a-af316c388a16.xml"


string(118) "/var/www/phoenix_prod/data/www/phoenix-plus.ru/upload/custom_1c/contragents___e01bf1a6-cd36-4de9-b6a3-1230f12eab4c.xml"


string(118) "/var/www/phoenix_prod/data/www/phoenix-plus.ru/upload/custom_1c/contragents___1f69ac56-f794-4d31-b34b-dd6daa2398df.xml"


string(118) "/var/www/phoenix_prod/data/www/phoenix-plus.ru/upload/custom_1c/contragents___c8f0cf6c-ecff-4068-b4bd-240fc061b7a0.xml"


string(118) "/var/www/phoenix_prod/data/www/phoenix-plus.ru/upload/custom_1c/contragents___096b4839-82cd-4977-9ab6-465f3e58973a.xml"


string(118) "/var/www/phoenix_prod/data/www/phoenix-plus.ru/upload/custom_1c/contragents___b3bef089-d160-4e25-9ed3-ca476ba7c79e.xml"


string(118) "/var/www/phoenix_prod/data/www/phoenix-plus.ru/upload/custom_1c/contragents___7facce01-a441-46ea-a4c4-a2e27fd70a91.xml"


string(118) "/var/www/phoenix_prod/data/www/phoenix-plus.ru/upload/custom_1c/contragents___5e100532-4cd8-4366-b7b6-47f1bb1b583a.xml"


string(118) "/var/www/phoenix_prod/data/www/phoenix-plus.ru/upload/custom_1c/contragents___7a7fe1e1-9498-40bb-a1db-a2ac6fc6642c.xml"


string(118) "/var/www/phoenix_prod/data/www/phoenix-plus.ru/upload/custom_1c/contragents___031db4b4-85de-470a-bd2c-6200d481b5c6.xml"


string(118) "/var/www/phoenix_prod/data/www/phoenix-plus.ru/upload/custom_1c/contragents___8da99a67-a450-4ee9-a4bf-b52e3b3c9b96.xml"


string(118) "/var/www/phoenix_prod/data/www/phoenix-plus.ru/upload/custom_1c/contragents___cc12957e-d8c0-4315-81ef-30dbfb5b04a6.xml"


string(118) "/var/www/phoenix_prod/data/www/phoenix-plus.ru/upload/custom_1c/contragents___d8dbbb9a-6fbd-43f9-aad4-6402a98793a6.xml"


string(118) "/var/www/phoenix_prod/data/www/phoenix-plus.ru/upload/custom_1c/contragents___18e0d0e5-18c2-4902-9f04-16aedc1330f4.xml"


string(118) "/var/www/phoenix_prod/data/www/phoenix-plus.ru/upload/custom_1c/contragents___3b0c7875-90e7-41e5-8598-45a4622106a8.xml"


string(118) "/var/www/phoenix_prod/data/www/phoenix-plus.ru/upload/custom_1c/contragents___52c344f8-6c48-4964-9d0a-07273f4fa7b5.xml"


string(118) "/var/www/phoenix_prod/data/www/phoenix-plus.ru/upload/custom_1c/contragents___513e8462-07ab-4199-8a5b-268ae8a78076.xml"


string(118) "/var/www/phoenix_prod/data/www/phoenix-plus.ru/upload/custom_1c/contragents___d7a22df0-f6f6-45e4-9d8f-13589aa3c0c3.xml"


string(118) "/var/www/phoenix_prod/data/www/phoenix-plus.ru/upload/custom_1c/contragents___2a70f084-96f4-4ffc-9b8c-5c7db0e295a3.xml"


string(118) "/var/www/phoenix_prod/data/www/phoenix-plus.ru/upload/custom_1c/contragents___bc06d37a-a3f5-4d58-b638-fd5f1babe312.xml"


string(118) "/var/www/phoenix_prod/data/www/phoenix-plus.ru/upload/custom_1c/contragents___c742f923-4cdf-4408-adb5-5b642fd73b76.xml"


string(118) "/var/www/phoenix_prod/data/www/phoenix-plus.ru/upload/custom_1c/contragents___f3b411f5-91f8-44a5-beb6-742806a04297.xml"


string(118) "/var/www/phoenix_prod/data/www/phoenix-plus.ru/upload/custom_1c/contragents___5dd10535-f264-4939-a119-1e3cc4fb03fd.xml"


string(118) "/var/www/phoenix_prod/data/www/phoenix-plus.ru/upload/custom_1c/contragents___812c2393-6dbe-4688-adf8-7b114b1faeeb.xml"


string(118) "/var/www/phoenix_prod/data/www/phoenix-plus.ru/upload/custom_1c/contragents___b269ad92-03f4-4152-8d14-04eb246c885f.xml"


string(118) "/var/www/phoenix_prod/data/www/phoenix-plus.ru/upload/custom_1c/contragents___898a2ce7-5c5a-4b49-8646-691ab9c62220.xml"


string(118) "/var/www/phoenix_prod/data/www/phoenix-plus.ru/upload/custom_1c/contragents___149e367d-0772-4da8-a07e-7d0e04520ea5.xml"


string(118) "/var/www/phoenix_prod/data/www/phoenix-plus.ru/upload/custom_1c/contragents___b2822373-9013-419e-99bb-dca59938ea75.xml"


string(118) "/var/www/phoenix_prod/data/www/phoenix-plus.ru/upload/custom_1c/contragents___9f8793ad-4ef8-4a30-95a1-4dff6538487d.xml"


string(118) "/var/www/phoenix_prod/data/www/phoenix-plus.ru/upload/custom_1c/contragents___126039b8-f9be-4826-8f88-717e32aabf29.xml"


string(118) "/var/www/phoenix_prod/data/www/phoenix-plus.ru/upload/custom_1c/contragents___5a5309c7-26ea-407d-9ca9-1ca224251fc0.xml"


string(118) "/var/www/phoenix_prod/data/www/phoenix-plus.ru/upload/custom_1c/contragents___fc731820-79c9-4484-a363-c3caeb0a9ea8.xml"


string(118) "/var/www/phoenix_prod/data/www/phoenix-plus.ru/upload/custom_1c/contragents___51bbad01-35d3-416c-95db-38c45be98382.xml"


string(118) "/var/www/phoenix_prod/data/www/phoenix-plus.ru/upload/custom_1c/contragents___47d57710-b257-4c75-8551-6d36b35df814.xml"


string(118) "/var/www/phoenix_prod/data/www/phoenix-plus.ru/upload/custom_1c/contragents___c90c0e54-efa2-4f0d-a9b2-b49c024fb710.xml"


string(118) "/var/www/phoenix_prod/data/www/phoenix-plus.ru/upload/custom_1c/contragents___64502c59-2bd1-4cc6-945e-1a4a2603bb8f.xml"


string(118) "/var/www/phoenix_prod/data/www/phoenix-plus.ru/upload/custom_1c/contragents___6508799e-bd08-4faf-bbbb-a04d82142b22.xml"


string(118) "/var/www/phoenix_prod/data/www/phoenix-plus.ru/upload/custom_1c/contragents___74b0b804-1f68-40d5-b913-6fa3e33a64b4.xml"


string(118) "/var/www/phoenix_prod/data/www/phoenix-plus.ru/upload/custom_1c/contragents___55c6bd8f-a284-4fde-8b29-d196f2e8ec63.xml"


string(118) "/var/www/phoenix_prod/data/www/phoenix-plus.ru/upload/custom_1c/contragents___1d89fe45-ed8b-4948-bf51-069c1bc7e965.xml"


string(118) "/var/www/phoenix_prod/data/www/phoenix-plus.ru/upload/custom_1c/contragents___50d062b5-e115-46c8-8113-93016e5f5f17.xml"


string(118) "/var/www/phoenix_prod/data/www/phoenix-plus.ru/upload/custom_1c/contragents___4bdf0499-fcfd-4064-a7de-6df0a4f61fb7.xml"


string(118) "/var/www/phoenix_prod/data/www/phoenix-plus.ru/upload/custom_1c/contragents___4d92ca7c-cbd9-4be3-aaeb-c27c3657d08e.xml"


string(118) "/var/www/phoenix_prod/data/www/phoenix-plus.ru/upload/custom_1c/contragents___52335bc0-6f68-424c-b25f-27ca2f7ca024.xml"


string(118) "/var/www/phoenix_prod/data/www/phoenix-plus.ru/upload/custom_1c/contragents___217e8df5-cc98-459a-8a56-3062d26fa3f2.xml"


string(118) "/var/www/phoenix_prod/data/www/phoenix-plus.ru/upload/custom_1c/contragents___d2ec3c65-85c3-42ef-a5c6-06a03d5661d7.xml"


string(118) "/var/www/phoenix_prod/data/www/phoenix-plus.ru/upload/custom_1c/contragents___7c824997-3602-4c45-b513-9c2023667112.xml"


string(118) "/var/www/phoenix_prod/data/www/phoenix-plus.ru/upload/custom_1c/contragents___e95293fc-df57-457b-ad82-9c67fbb84daa.xml"


string(118) "/var/www/phoenix_prod/data/www/phoenix-plus.ru/upload/custom_1c/contragents___ffe0be48-a0fe-43aa-b5b7-8b5eb9390596.xml"


string(118) "/var/www/phoenix_prod/data/www/phoenix-plus.ru/upload/custom_1c/contragents___db0c6ce9-4cc3-48dc-9134-dd624998f21f.xml"


string(118) "/var/www/phoenix_prod/data/www/phoenix-plus.ru/upload/custom_1c/contragents___e12634cb-363a-48dc-8f82-861a494236f5.xml"


string(118) "/var/www/phoenix_prod/data/www/phoenix-plus.ru/upload/custom_1c/contragents___a8342cfb-780a-4a74-a5da-481164b116d5.xml"


string(118) "/var/www/phoenix_prod/data/www/phoenix-plus.ru/upload/custom_1c/contragents___7407bbe8-7a14-4708-8905-750978c5af99.xml"


string(118) "/var/www/phoenix_prod/data/www/phoenix-plus.ru/upload/custom_1c/contragents___adf71df9-8398-4a13-ab17-21ce63992e91.xml"


string(118) "/var/www/phoenix_prod/data/www/phoenix-plus.ru/upload/custom_1c/contragents___1ace5369-9d89-4587-b376-a71d11b19ac8.xml"


string(118) "/var/www/phoenix_prod/data/www/phoenix-plus.ru/upload/custom_1c/contragents___b9b85b46-f61e-4ecc-88a1-6d4454e0d606.xml"


string(118) "/var/www/phoenix_prod/data/www/phoenix-plus.ru/upload/custom_1c/contragents___a0f6d6e9-1001-4595-959c-8446890ea79d.xml"


string(118) "/var/www/phoenix_prod/data/www/phoenix-plus.ru/upload/custom_1c/contragents___785273a4-2cfe-44e7-b102-a59b0371a352.xml"


string(118) "/var/www/phoenix_prod/data/www/phoenix-plus.ru/upload/custom_1c/contragents___f937ac07-0fb7-4834-860a-b05f3336d010.xml"


string(118) "/var/www/phoenix_prod/data/www/phoenix-plus.ru/upload/custom_1c/contragents___7add4115-3429-49f4-8430-9b7e3422b3da.xml"


string(118) "/var/www/phoenix_prod/data/www/phoenix-plus.ru/upload/custom_1c/contragents___6e317d99-cf2c-4b30-8d8a-413a3916dd96.xml"


string(118) "/var/www/phoenix_prod/data/www/phoenix-plus.ru/upload/custom_1c/contragents___1a0679af-bc49-4fb5-9019-55c2824f3cee.xml"


string(118) "/var/www/phoenix_prod/data/www/phoenix-plus.ru/upload/custom_1c/contragents___35f7504d-4b97-4b69-9922-b4b1bda58608.xml"


string(118) "/var/www/phoenix_prod/data/www/phoenix-plus.ru/upload/custom_1c/contragents___7565426d-b540-4dab-a0cf-6b43d27c1d52.xml"


string(118) "/var/www/phoenix_prod/data/www/phoenix-plus.ru/upload/custom_1c/contragents___730574ac-7120-43fb-9466-b91a766db73d.xml"


string(118) "/var/www/phoenix_prod/data/www/phoenix-plus.ru/upload/custom_1c/contragents___d9338e89-89de-4957-8e46-c30eb13aed43.xml"


string(118) "/var/www/phoenix_prod/data/www/phoenix-plus.ru/upload/custom_1c/contragents___bfedc118-9f1b-4ec8-9484-cd5d49fe51dc.xml"


string(118) "/var/www/phoenix_prod/data/www/phoenix-plus.ru/upload/custom_1c/contragents___e22a6aef-746f-44db-ba17-5a6c2858e8cb.xml"


string(118) "/var/www/phoenix_prod/data/www/phoenix-plus.ru/upload/custom_1c/contragents___1ddf546e-6fb8-436a-9bc1-82d3f0c1b549.xml"


string(118) "/var/www/phoenix_prod/data/www/phoenix-plus.ru/upload/custom_1c/contragents___1763c839-5691-495d-b12f-0daa7d7b2906.xml"


string(118) "/var/www/phoenix_prod/data/www/phoenix-plus.ru/upload/custom_1c/contragents___8af5a24b-b5ab-4ac9-9a92-74f2d80dc189.xml"


string(118) "/var/www/phoenix_prod/data/www/phoenix-plus.ru/upload/custom_1c/contragents___061eb661-4e95-4dab-ad70-4c372825aad2.xml"


string(118) "/var/www/phoenix_prod/data/www/phoenix-plus.ru/upload/custom_1c/contragents___dee6b0b1-d3aa-4ee3-81b2-128a243dab3c.xml"


string(118) "/var/www/phoenix_prod/data/www/phoenix-plus.ru/upload/custom_1c/contragents___24f34899-0f9b-48d0-ba80-74f6a993416a.xml"


string(118) "/var/www/phoenix_prod/data/www/phoenix-plus.ru/upload/custom_1c/contragents___a2425ac2-cc90-4865-b78d-ee906e719297.xml"


string(118) "/var/www/phoenix_prod/data/www/phoenix-plus.ru/upload/custom_1c/contragents___202b11ca-cfc7-48da-a82b-4ce368aa4554.xml"


string(118) "/var/www/phoenix_prod/data/www/phoenix-plus.ru/upload/custom_1c/contragents___669caf07-f130-44ad-aa3e-bf6e503e443b.xml"


string(118) "/var/www/phoenix_prod/data/www/phoenix-plus.ru/upload/custom_1c/contragents___8814f9c6-5fc5-481b-b8f1-5eedb9d9cfa3.xml"


string(118) "/var/www/phoenix_prod/data/www/phoenix-plus.ru/upload/custom_1c/contragents___b38f401c-c594-4031-8e36-0ebe3c14245c.xml"


string(118) "/var/www/phoenix_prod/data/www/phoenix-plus.ru/upload/custom_1c/contragents___3a85442b-b7a1-40b8-a658-97052031aab9.xml"


string(118) "/var/www/phoenix_prod/data/www/phoenix-plus.ru/upload/custom_1c/contragents___f24eb5e9-c299-43a7-b76f-1ac7df395f7f.xml"


string(118) "/var/www/phoenix_prod/data/www/phoenix-plus.ru/upload/custom_1c/contragents___865163c0-5e56-4a5e-8af2-2a59dbb086a0.xml"


string(118) "/var/www/phoenix_prod/data/www/phoenix-plus.ru/upload/custom_1c/contragents___b5ac86be-6f6d-4bc0-bc72-33d1ce138723.xml"


string(118) "/var/www/phoenix_prod/data/www/phoenix-plus.ru/upload/custom_1c/contragents___8eb11880-b0bb-4811-9183-657531414539.xml"


string(118) "/var/www/phoenix_prod/data/www/phoenix-plus.ru/upload/custom_1c/contragents___f99dbb10-1cd4-454e-926c-42eb8e37520d.xml"


string(118) "/var/www/phoenix_prod/data/www/phoenix-plus.ru/upload/custom_1c/contragents___ce05d861-956e-44c9-b5c4-70abb8b236a4.xml"


string(118) "/var/www/phoenix_prod/data/www/phoenix-plus.ru/upload/custom_1c/contragents___3c69e15e-7654-4673-a5cc-85a342617edc.xml"


string(118) "/var/www/phoenix_prod/data/www/phoenix-plus.ru/upload/custom_1c/contragents___c77ad1be-ddea-46b6-93ff-3622544c299a.xml"


string(118) "/var/www/phoenix_prod/data/www/phoenix-plus.ru/upload/custom_1c/contragents___bcfa331f-3bb7-4735-abbc-9398ebee4f26.xml"


string(118) "/var/www/phoenix_prod/data/www/phoenix-plus.ru/upload/custom_1c/contragents___4186506a-efe2-487f-b328-404f091363b5.xml"


string(118) "/var/www/phoenix_prod/data/www/phoenix-plus.ru/upload/custom_1c/contragents___27815ba6-6412-4a42-a7ea-eda106225176.xml"


string(118) "/var/www/phoenix_prod/data/www/phoenix-plus.ru/upload/custom_1c/contragents___e25f2fd5-3b82-4c90-b486-5caba32a27ef.xml"


string(118) "/var/www/phoenix_prod/data/www/phoenix-plus.ru/upload/custom_1c/contragents___eae80ac2-6574-40db-9683-2b2f261ac941.xml"


string(118) "/var/www/phoenix_prod/data/www/phoenix-plus.ru/upload/custom_1c/contragents___4c02a5bd-9ac3-4310-8185-23aea4a02776.xml"


string(118) "/var/www/phoenix_prod/data/www/phoenix-plus.ru/upload/custom_1c/contragents___ef8fcb18-8d71-4af3-befb-a8b09bbc5d68.xml"


string(118) "/var/www/phoenix_prod/data/www/phoenix-plus.ru/upload/custom_1c/contragents___2c3baae3-2f67-41b8-8686-7243ac96e2c2.xml"


string(118) "/var/www/phoenix_prod/data/www/phoenix-plus.ru/upload/custom_1c/contragents___4bfbf43a-e13b-461c-8c46-811c4df78718.xml"


string(118) "/var/www/phoenix_prod/data/www/phoenix-plus.ru/upload/custom_1c/contragents___f10f0b16-a908-444c-8f42-5766c8adc8d2.xml"


string(118) "/var/www/phoenix_prod/data/www/phoenix-plus.ru/upload/custom_1c/contragents___740ad5ef-8be0-45ac-9861-c839d722ba69.xml"


string(118) "/var/www/phoenix_prod/data/www/phoenix-plus.ru/upload/custom_1c/contragents___307beef6-7443-4a92-beb0-7c50010292ac.xml"


string(118) "/var/www/phoenix_prod/data/www/phoenix-plus.ru/upload/custom_1c/contragents___05a75f21-3803-4d41-bbb7-574f6ce07b81.xml"


string(118) "/var/www/phoenix_prod/data/www/phoenix-plus.ru/upload/custom_1c/contragents___566e3638-cdf3-4a68-83e6-809c5fcf7798.xml"


string(118) "/var/www/phoenix_prod/data/www/phoenix-plus.ru/upload/custom_1c/contragents___84673225-da5d-41e1-8473-956af8cb5a93.xml"


string(118) "/var/www/phoenix_prod/data/www/phoenix-plus.ru/upload/custom_1c/contragents___88dd2aa9-c907-481c-8b1e-501692c7b545.xml"


string(118) "/var/www/phoenix_prod/data/www/phoenix-plus.ru/upload/custom_1c/contragents___3297a61c-a991-4142-8b34-0bf312180e86.xml"


string(118) "/var/www/phoenix_prod/data/www/phoenix-plus.ru/upload/custom_1c/contragents___4c95ac0f-2a44-4c78-8c89-ca31ece1920a.xml"


string(118) "/var/www/phoenix_prod/data/www/phoenix-plus.ru/upload/custom_1c/contragents___842986a3-afc0-4d75-a927-43582f6b7962.xml"


string(118) "/var/www/phoenix_prod/data/www/phoenix-plus.ru/upload/custom_1c/contragents___e88d32cc-529f-4b8e-b004-f1b4b026d5d0.xml"


string(118) "/var/www/phoenix_prod/data/www/phoenix-plus.ru/upload/custom_1c/contragents___82299a9c-f00c-4d8b-84bf-e0e7b0adb8bb.xml"


string(118) "/var/www/phoenix_prod/data/www/phoenix-plus.ru/upload/custom_1c/contragents___0e02143d-2956-49b1-a862-20d21fd8304f.xml"


string(118) "/var/www/phoenix_prod/data/www/phoenix-plus.ru/upload/custom_1c/contragents___ac00249d-92fc-415f-9d5a-0af1d6f7ec3c.xml"


string(118) "/var/www/phoenix_prod/data/www/phoenix-plus.ru/upload/custom_1c/contragents___95b61443-c249-481f-a237-c76f9bf9387d.xml"


string(118) "/var/www/phoenix_prod/data/www/phoenix-plus.ru/upload/custom_1c/contragents___4ab427c2-ee85-4156-8844-a59f12d70460.xml"


string(118) "/var/www/phoenix_prod/data/www/phoenix-plus.ru/upload/custom_1c/contragents___d5083aaa-0997-4992-8f5c-54a753966d9d.xml"


string(118) "/var/www/phoenix_prod/data/www/phoenix-plus.ru/upload/custom_1c/contragents___fefff291-3c7f-4be9-8f8c-e3c6650d26e1.xml"


string(118) "/var/www/phoenix_prod/data/www/phoenix-plus.ru/upload/custom_1c/contragents___06af5517-9f34-41ef-a03d-13bd6100807b.xml"


string(118) "/var/www/phoenix_prod/data/www/phoenix-plus.ru/upload/custom_1c/contragents___429ba540-ff8d-4790-9330-7a48279988db.xml"


string(118) "/var/www/phoenix_prod/data/www/phoenix-plus.ru/upload/custom_1c/contragents___76df0b9e-3cd2-43b5-9493-d3bccac8c3fb.xml"


string(118) "/var/www/phoenix_prod/data/www/phoenix-plus.ru/upload/custom_1c/contragents___ee850504-4ec6-4980-a3fa-866536399c1a.xml"


string(118) "/var/www/phoenix_prod/data/www/phoenix-plus.ru/upload/custom_1c/contragents___38941972-ff9c-4e51-88e3-b73baea3639a.xml"


string(118) "/var/www/phoenix_prod/data/www/phoenix-plus.ru/upload/custom_1c/contragents___d7154a66-c5ce-4de5-a990-f90697b5d89f.xml"


string(118) "/var/www/phoenix_prod/data/www/phoenix-plus.ru/upload/custom_1c/contragents___d4ab167c-8481-44ef-b7fb-57073dcfc3cb.xml"


string(118) "/var/www/phoenix_prod/data/www/phoenix-plus.ru/upload/custom_1c/contragents___6704e4e6-6e3e-4413-b70c-891ffc42b181.xml"


string(118) "/var/www/phoenix_prod/data/www/phoenix-plus.ru/upload/custom_1c/contragents___3d38c735-73e1-4fdc-8c5d-e3d8a7757721.xml"


string(118) "/var/www/phoenix_prod/data/www/phoenix-plus.ru/upload/custom_1c/contragents___4e644480-0f10-4e0f-9870-e8c78a37d6f2.xml"


string(118) "/var/www/phoenix_prod/data/www/phoenix-plus.ru/upload/custom_1c/contragents___edbabd76-96d3-4023-83a6-f4ad2f62be03.xml"


string(118) "/var/www/phoenix_prod/data/www/phoenix-plus.ru/upload/custom_1c/contragents___878d72b5-41b0-46f2-ae89-36f67ef03719.xml"


string(118) "/var/www/phoenix_prod/data/www/phoenix-plus.ru/upload/custom_1c/contragents___375a0317-fcaa-4e81-bab1-73ffebae10d9.xml"


string(118) "/var/www/phoenix_prod/data/www/phoenix-plus.ru/upload/custom_1c/contragents___4e70372e-e15c-409d-998f-e255b6d38e8b.xml"


string(118) "/var/www/phoenix_prod/data/www/phoenix-plus.ru/upload/custom_1c/contragents___fc3f3289-19bc-405f-9723-9b1dc58f7f98.xml"


string(118) "/var/www/phoenix_prod/data/www/phoenix-plus.ru/upload/custom_1c/contragents___28714422-efc7-4dac-ba97-6638c1248f19.xml"


string(118) "/var/www/phoenix_prod/data/www/phoenix-plus.ru/upload/custom_1c/contragents___ad2636bb-3734-4be8-9124-6e5a1d00490a.xml"


string(118) "/var/www/phoenix_prod/data/www/phoenix-plus.ru/upload/custom_1c/contragents___27f77d1f-4cc3-42bc-a761-c56dfe29106b.xml"


string(118) "/var/www/phoenix_prod/data/www/phoenix-plus.ru/upload/custom_1c/contragents___0cc37afc-4a05-42bb-8cf5-f12ae6fae63b.xml"


string(118) "/var/www/phoenix_prod/data/www/phoenix-plus.ru/upload/custom_1c/contragents___8200da35-5888-4dca-af00-76797d610d1f.xml"


string(118) "/var/www/phoenix_prod/data/www/phoenix-plus.ru/upload/custom_1c/contragents___016e49a7-2d7f-4cea-adeb-1c8a6c71dbb5.xml"


string(118) "/var/www/phoenix_prod/data/www/phoenix-plus.ru/upload/custom_1c/contragents___1f2f19a1-a2f6-4544-aa63-51502aa39f72.xml"


string(118) "/var/www/phoenix_prod/data/www/phoenix-plus.ru/upload/custom_1c/contragents___cc5eb34b-5cf0-46c3-bd30-b22461684c6b.xml"


string(118) "/var/www/phoenix_prod/data/www/phoenix-plus.ru/upload/custom_1c/contragents___57fd21aa-2f9b-4713-a8ef-a0cd93fd6f19.xml"


string(118) "/var/www/phoenix_prod/data/www/phoenix-plus.ru/upload/custom_1c/contragents___ccd1442b-6b28-49a3-9f1d-9d8e5b9b421d.xml"


string(118) "/var/www/phoenix_prod/data/www/phoenix-plus.ru/upload/custom_1c/contragents___bfabd158-c104-4e35-bd98-2269fa4917f6.xml"


string(118) "/var/www/phoenix_prod/data/www/phoenix-plus.ru/upload/custom_1c/contragents___3d5ddaf6-7f41-48c4-b7b2-a9f358ea9bf1.xml"


string(118) "/var/www/phoenix_prod/data/www/phoenix-plus.ru/upload/custom_1c/contragents___16d8ef10-0df3-461c-8458-705d7e566414.xml"


string(118) "/var/www/phoenix_prod/data/www/phoenix-plus.ru/upload/custom_1c/contragents___f084bbd2-3386-489d-8f78-aba2d199f0c6.xml"


string(118) "/var/www/phoenix_prod/data/www/phoenix-plus.ru/upload/custom_1c/contragents___e08958d3-54de-4a07-9feb-818c5ed9ff0c.xml"


string(118) "/var/www/phoenix_prod/data/www/phoenix-plus.ru/upload/custom_1c/contragents___7481ba34-b21b-4fd7-a43e-d5d15a2e055a.xml"


string(118) "/var/www/phoenix_prod/data/www/phoenix-plus.ru/upload/custom_1c/contragents___ba679cb7-45cb-44f7-9830-3b9035930794.xml"


string(118) "/var/www/phoenix_prod/data/www/phoenix-plus.ru/upload/custom_1c/contragents___4041a98e-f32b-417e-a04f-40f4ef43963e.xml"


string(118) "/var/www/phoenix_prod/data/www/phoenix-plus.ru/upload/custom_1c/contragents___3cc46035-ed4a-489b-a23d-b0062cc1ddcd.xml"


string(118) "/var/www/phoenix_prod/data/www/phoenix-plus.ru/upload/custom_1c/contragents___8953290f-8072-4b30-93f4-c69a011e04ff.xml"


string(118) "/var/www/phoenix_prod/data/www/phoenix-plus.ru/upload/custom_1c/contragents___89555fe2-7395-4ecf-bda8-5b25ffbed251.xml"


string(118) "/var/www/phoenix_prod/data/www/phoenix-plus.ru/upload/custom_1c/contragents___b07846c5-7ac8-4bd6-bc23-1130c463a635.xml"


string(118) "/var/www/phoenix_prod/data/www/phoenix-plus.ru/upload/custom_1c/contragents___4b4a53b8-c5af-48fb-b4c7-bd942249b20c.xml"


string(118) "/var/www/phoenix_prod/data/www/phoenix-plus.ru/upload/custom_1c/contragents___1a23cf35-8d96-4e7f-9bc2-33a35b8e2ac7.xml"


string(118) "/var/www/phoenix_prod/data/www/phoenix-plus.ru/upload/custom_1c/contragents___e639b229-7c4d-4645-957b-64b8a9fd7eef.xml"


string(118) "/var/www/phoenix_prod/data/www/phoenix-plus.ru/upload/custom_1c/contragents___19777dd5-b70b-4a0f-9108-b88b338374a9.xml"


string(118) "/var/www/phoenix_prod/data/www/phoenix-plus.ru/upload/custom_1c/contragents___40036987-78ee-4780-8f9d-1a44d67f8ffd.xml"


string(118) "/var/www/phoenix_prod/data/www/phoenix-plus.ru/upload/custom_1c/contragents___c71e149d-e6f7-4b38-98c7-d36bda6da42d.xml"


string(118) "/var/www/phoenix_prod/data/www/phoenix-plus.ru/upload/custom_1c/contragents___05f4c216-56b2-4a3b-bb1e-5874248cb989.xml"


string(118) "/var/www/phoenix_prod/data/www/phoenix-plus.ru/upload/custom_1c/contragents___d3c6d12a-f7dd-459d-b6e8-845bce01c105.xml"


string(118) "/var/www/phoenix_prod/data/www/phoenix-plus.ru/upload/custom_1c/contragents___266dc9d5-4f6f-46f3-a4ec-5a75119fe2c7.xml"


string(118) "/var/www/phoenix_prod/data/www/phoenix-plus.ru/upload/custom_1c/contragents___b5968103-d278-4114-9a1e-f3b8bed57c56.xml"


string(118) "/var/www/phoenix_prod/data/www/phoenix-plus.ru/upload/custom_1c/contragents___0eb91d1d-8a36-44b5-af23-ae699ca1351f.xml"


string(118) "/var/www/phoenix_prod/data/www/phoenix-plus.ru/upload/custom_1c/contragents___13cf78de-9d3f-4d91-91ea-b29adac0ebf2.xml"


string(118) "/var/www/phoenix_prod/data/www/phoenix-plus.ru/upload/custom_1c/contragents___cde83c52-102d-4842-9ecd-c869b1dbc164.xml"


string(118) "/var/www/phoenix_prod/data/www/phoenix-plus.ru/upload/custom_1c/contragents___ed70c088-b328-4d1d-a86e-cb75d6023845.xml"


string(118) "/var/www/phoenix_prod/data/www/phoenix-plus.ru/upload/custom_1c/contragents___e6c0340f-3033-4011-a45e-f86f27cf7713.xml"


string(118) "/var/www/phoenix_prod/data/www/phoenix-plus.ru/upload/custom_1c/contragents___1a494e4f-0b87-4183-baf1-3eb688556d9a.xml"


string(118) "/var/www/phoenix_prod/data/www/phoenix-plus.ru/upload/custom_1c/contragents___73557941-d8d5-4328-9279-a050114454aa.xml"


string(118) "/var/www/phoenix_prod/data/www/phoenix-plus.ru/upload/custom_1c/contragents___600283f9-edbd-4e69-ace8-e24f30eaafa9.xml"


string(118) "/var/www/phoenix_prod/data/www/phoenix-plus.ru/upload/custom_1c/contragents___202d16ee-041f-461e-b15f-ab9aa1c5bdec.xml"


string(118) "/var/www/phoenix_prod/data/www/phoenix-plus.ru/upload/custom_1c/contragents___12a416ce-09b2-4e78-87a7-e2d08fc3d54c.xml"


string(118) "/var/www/phoenix_prod/data/www/phoenix-plus.ru/upload/custom_1c/contragents___bc353834-24f8-430d-bb89-0710d5379e91.xml"


string(118) "/var/www/phoenix_prod/data/www/phoenix-plus.ru/upload/custom_1c/contragents___4c41d78e-6b3a-462a-8a1b-342542197c9b.xml"


string(118) "/var/www/phoenix_prod/data/www/phoenix-plus.ru/upload/custom_1c/contragents___4ec79be5-158f-4579-9de4-5febcb3749fb.xml"


string(118) "/var/www/phoenix_prod/data/www/phoenix-plus.ru/upload/custom_1c/contragents___6979a2d9-63c0-4134-9122-c37f8365f1b9.xml"


string(118) "/var/www/phoenix_prod/data/www/phoenix-plus.ru/upload/custom_1c/contragents___f8e6972d-2713-4bb5-9a1d-50bfcedd2f47.xml"


string(118) "/var/www/phoenix_prod/data/www/phoenix-plus.ru/upload/custom_1c/contragents___723445a9-5d70-4c5f-8e98-274152c80c05.xml"


string(118) "/var/www/phoenix_prod/data/www/phoenix-plus.ru/upload/custom_1c/contragents___faebeac1-0a76-4d83-92db-ed561ba2ce77.xml"


string(118) "/var/www/phoenix_prod/data/www/phoenix-plus.ru/upload/custom_1c/contragents___a20aba60-eed4-4cb2-98a1-9b1065acdfc6.xml"


string(118) "/var/www/phoenix_prod/data/www/phoenix-plus.ru/upload/custom_1c/contragents___d0e13a07-7b78-4f41-a381-2c44383e00e9.xml"


string(118) "/var/www/phoenix_prod/data/www/phoenix-plus.ru/upload/custom_1c/contragents___ffbc7f8b-93ba-4b08-b896-c01028a62fa4.xml"


string(118) "/var/www/phoenix_prod/data/www/phoenix-plus.ru/upload/custom_1c/contragents___e96e533a-cb88-40c5-bdd4-38cfb03e7c67.xml"


string(118) "/var/www/phoenix_prod/data/www/phoenix-plus.ru/upload/custom_1c/contragents___e7b79633-8a79-4e13-840e-c1ae4ee58758.xml"


string(118) "/var/www/phoenix_prod/data/www/phoenix-plus.ru/upload/custom_1c/contragents___78037444-3cd7-4b49-b0d7-03df89ea9860.xml"


string(118) "/var/www/phoenix_prod/data/www/phoenix-plus.ru/upload/custom_1c/contragents___ffa77484-1168-4515-bd20-b43f42254fef.xml"


string(118) "/var/www/phoenix_prod/data/www/phoenix-plus.ru/upload/custom_1c/contragents___0762bc0b-9eef-4531-8d99-c873d017527f.xml"


string(118) "/var/www/phoenix_prod/data/www/phoenix-plus.ru/upload/custom_1c/contragents___38986427-4ec3-4f1a-9cd6-80da11233389.xml"


string(118) "/var/www/phoenix_prod/data/www/phoenix-plus.ru/upload/custom_1c/contragents___b4b84c41-97fb-4d89-86d1-476c0066fd1b.xml"


string(118) "/var/www/phoenix_prod/data/www/phoenix-plus.ru/upload/custom_1c/contragents___77943370-c86f-492c-9177-96ec37efbebe.xml"


string(118) "/var/www/phoenix_prod/data/www/phoenix-plus.ru/upload/custom_1c/contragents___1403c7cb-29cb-4860-8fb8-f06e047ee720.xml"


string(118) "/var/www/phoenix_prod/data/www/phoenix-plus.ru/upload/custom_1c/contragents___d329f870-817d-48a9-af89-0732245ea84b.xml"


string(118) "/var/www/phoenix_prod/data/www/phoenix-plus.ru/upload/custom_1c/contragents___4aa66285-0b4e-4c8b-9c1e-aa6767c02660.xml"


string(118) "/var/www/phoenix_prod/data/www/phoenix-plus.ru/upload/custom_1c/contragents___a93cd384-2bbf-4bd8-8fe6-7e2410e5bdf3.xml"


string(118) "/var/www/phoenix_prod/data/www/phoenix-plus.ru/upload/custom_1c/contragents___3d1f79f2-d02e-48b0-8d69-0cfdc984e56a.xml"


string(118) "/var/www/phoenix_prod/data/www/phoenix-plus.ru/upload/custom_1c/contragents___414881e6-bc4a-4c00-8eb7-ab76693da00b.xml"


string(118) "/var/www/phoenix_prod/data/www/phoenix-plus.ru/upload/custom_1c/contragents___2ec71422-b170-4c82-940e-d2fd8980f7da.xml"


string(118) "/var/www/phoenix_prod/data/www/phoenix-plus.ru/upload/custom_1c/contragents___a57eda2c-1656-44e5-ab9b-c1b5b270b693.xml"


string(118) "/var/www/phoenix_prod/data/www/phoenix-plus.ru/upload/custom_1c/contragents___e129414c-6944-408c-8746-c287a6b6aa08.xml"


string(118) "/var/www/phoenix_prod/data/www/phoenix-plus.ru/upload/custom_1c/contragents___3494407c-c7fd-4727-aeff-12b5d53961e9.xml"


string(118) "/var/www/phoenix_prod/data/www/phoenix-plus.ru/upload/custom_1c/contragents___7589dff5-34b3-4060-b4d2-340c1f74bc18.xml"


string(118) "/var/www/phoenix_prod/data/www/phoenix-plus.ru/upload/custom_1c/contragents___3f49ae58-99db-4e16-a290-db02c675fb12.xml"


string(118) "/var/www/phoenix_prod/data/www/phoenix-plus.ru/upload/custom_1c/contragents___4c45193a-96d8-42ef-a75f-031bfe163b85.xml"


string(118) "/var/www/phoenix_prod/data/www/phoenix-plus.ru/upload/custom_1c/contragents___74fd4f32-0798-4002-be17-5ff5e8a8b9d5.xml"


string(118) "/var/www/phoenix_prod/data/www/phoenix-plus.ru/upload/custom_1c/contragents___508013e4-a698-4086-980a-32fa12a7357b.xml"


string(118) "/var/www/phoenix_prod/data/www/phoenix-plus.ru/upload/custom_1c/contragents___7fa4fa4f-f075-4e66-b3cb-69217bd81140.xml"


string(118) "/var/www/phoenix_prod/data/www/phoenix-plus.ru/upload/custom_1c/contragents___2e8cb7c3-f5f6-4e2b-bb12-12ba9872c356.xml"


string(118) "/var/www/phoenix_prod/data/www/phoenix-plus.ru/upload/custom_1c/contragents___0630e0c2-eb7c-4014-9088-a7baf3a358c9.xml"


string(118) "/var/www/phoenix_prod/data/www/phoenix-plus.ru/upload/custom_1c/contragents___bbcefdb3-e0d2-4ee4-96d9-4efd183f31d2.xml"


string(118) "/var/www/phoenix_prod/data/www/phoenix-plus.ru/upload/custom_1c/contragents___928955f7-7ca7-4aa2-af69-e2e6199df78d.xml"


string(118) "/var/www/phoenix_prod/data/www/phoenix-plus.ru/upload/custom_1c/contragents___ad7b7b52-51ee-471c-adee-5270519f0d98.xml"


string(118) "/var/www/phoenix_prod/data/www/phoenix-plus.ru/upload/custom_1c/contragents___c11d71b3-1216-4baf-8748-bcf16440ed3e.xml"


string(118) "/var/www/phoenix_prod/data/www/phoenix-plus.ru/upload/custom_1c/contragents___a8ecd662-d865-42ec-94b4-083a5141d7a7.xml"


string(118) "/var/www/phoenix_prod/data/www/phoenix-plus.ru/upload/custom_1c/contragents___6dbde6a0-7b6a-4c85-a9a6-e43a2146d20e.xml"


string(118) "/var/www/phoenix_prod/data/www/phoenix-plus.ru/upload/custom_1c/contragents___2143d1ef-ff0a-4c7b-b845-969df3e00e48.xml"


string(118) "/var/www/phoenix_prod/data/www/phoenix-plus.ru/upload/custom_1c/contragents___ee5c3f4c-19b7-4f82-aac8-cfbf0f589985.xml"


string(118) "/var/www/phoenix_prod/data/www/phoenix-plus.ru/upload/custom_1c/contragents___1434b0b0-02b2-4b2d-b4a5-c63db1e9698b.xml"


string(118) "/var/www/phoenix_prod/data/www/phoenix-plus.ru/upload/custom_1c/contragents___f008c482-0f87-4da1-b123-d1c854225855.xml"


string(118) "/var/www/phoenix_prod/data/www/phoenix-plus.ru/upload/custom_1c/contragents___02739484-8d9d-4159-a0b7-07fa85e8e93c.xml"


string(118) "/var/www/phoenix_prod/data/www/phoenix-plus.ru/upload/custom_1c/contragents___c524f46e-3192-4830-b771-9e03a6166ef4.xml"


string(118) "/var/www/phoenix_prod/data/www/phoenix-plus.ru/upload/custom_1c/contragents___9d15bf09-4bc7-42c4-b14e-18126f281032.xml"


string(118) "/var/www/phoenix_prod/data/www/phoenix-plus.ru/upload/custom_1c/contragents___c557b4ae-49d6-4a38-afd1-ca0a2d08847b.xml"


string(118) "/var/www/phoenix_prod/data/www/phoenix-plus.ru/upload/custom_1c/contragents___f0ebd8fb-dede-42ff-ae2b-54dfe7e06b0d.xml"


string(118) "/var/www/phoenix_prod/data/www/phoenix-plus.ru/upload/custom_1c/contragents___689719a0-a0de-4803-ab1f-3a177817fcf8.xml"


string(118) "/var/www/phoenix_prod/data/www/phoenix-plus.ru/upload/custom_1c/contragents___49830f09-b1f1-4665-9923-e51628ce1d57.xml"


string(118) "/var/www/phoenix_prod/data/www/phoenix-plus.ru/upload/custom_1c/contragents___0054f3ce-cf47-4d8e-8fb2-bf2ff055c580.xml"


string(118) "/var/www/phoenix_prod/data/www/phoenix-plus.ru/upload/custom_1c/contragents___0d21771f-546a-4d15-9aed-5030d6cb2390.xml"


string(118) "/var/www/phoenix_prod/data/www/phoenix-plus.ru/upload/custom_1c/contragents___7c42dbdf-5a51-4850-887f-d6ba4b39418d.xml"


string(118) "/var/www/phoenix_prod/data/www/phoenix-plus.ru/upload/custom_1c/contragents___21405ce4-696d-45c7-b1f0-00537b1a67ad.xml"


string(118) "/var/www/phoenix_prod/data/www/phoenix-plus.ru/upload/custom_1c/contragents___d91c1aaa-ff2f-4384-a7d1-f47aecb4b61e.xml"


string(118) "/var/www/phoenix_prod/data/www/phoenix-plus.ru/upload/custom_1c/contragents___9ed91f2a-fb5e-442f-8410-955cd6eca6ae.xml"


string(118) "/var/www/phoenix_prod/data/www/phoenix-plus.ru/upload/custom_1c/contragents___b6fdb7b8-38a3-4a00-8ad0-4669bc1b2d02.xml"


string(118) "/var/www/phoenix_prod/data/www/phoenix-plus.ru/upload/custom_1c/contragents___03e8f979-dfce-4bc6-9eec-0741d14261a8.xml"


string(118) "/var/www/phoenix_prod/data/www/phoenix-plus.ru/upload/custom_1c/contragents___374e5ed2-a73c-45ab-907d-a8b7e73dcaba.xml"


string(118) "/var/www/phoenix_prod/data/www/phoenix-plus.ru/upload/custom_1c/contragents___38a75720-d03a-4bd6-9cbe-d2a4460d4ee7.xml"


string(118) "/var/www/phoenix_prod/data/www/phoenix-plus.ru/upload/custom_1c/contragents___c1c6b97e-c35a-4c6c-889c-fa5c0373b7e0.xml"


string(118) "/var/www/phoenix_prod/data/www/phoenix-plus.ru/upload/custom_1c/contragents___b37d6089-5090-4ef2-933d-5fbf2deecea5.xml"


string(118) "/var/www/phoenix_prod/data/www/phoenix-plus.ru/upload/custom_1c/contragents___49a82f95-304e-4aae-ac47-5a8c3f62a147.xml"


string(118) "/var/www/phoenix_prod/data/www/phoenix-plus.ru/upload/custom_1c/contragents___96879d68-488a-4fed-9ead-10024fc9f935.xml"


string(118) "/var/www/phoenix_prod/data/www/phoenix-plus.ru/upload/custom_1c/contragents___1d72d55a-6e91-4265-ac50-1f4fe7d67583.xml"


string(118) "/var/www/phoenix_prod/data/www/phoenix-plus.ru/upload/custom_1c/contragents___33bf048c-88dc-4168-8141-2c64b8c03eec.xml"


